{"/home/matheus/boiler/src/@shared/entities/base.entity.ts": {"path":"/home/matheus/boiler/src/@shared/entities/base.entity.ts","statementMap":{"0":{"start":{"line":1,"column":0},"end":{"line":1,"column":22}},"1":{"start":{"line":7,"column":8},"end":{"line":7,"column":21}},"2":{"start":{"line":11,"column":4},"end":{"line":13,"column":null}},"3":{"start":{"line":12,"column":8},"end":{"line":12,"column":23}},"4":{"start":{"line":17,"column":4},"end":{"line":31,"column":null}},"5":{"start":{"line":17,"column":4},"end":{"line":17,"column":11}},"6":{"start":{"line":18,"column":8},"end":{"line":30,"column":46}},"7":{"start":{"line":19,"column":32},"end":{"line":19,"column":59}},"8":{"start":{"line":22,"column":30},"end":{"line":22,"column":44}},"9":{"start":{"line":24,"column":16},"end":{"line":28,"column":null}},"10":{"start":{"line":25,"column":20},"end":{"line":25,"column":80}},"11":{"start":{"line":27,"column":20},"end":{"line":27,"column":70}},"12":{"start":{"line":29,"column":16},"end":{"line":29,"column":27}},"13":{"start":{"line":33,"column":12},"end":{"line":39,"column":null}},"14":{"start":{"line":34,"column":8},"end":{"line":38,"column":27}},"15":{"start":{"line":40,"column":0},"end":{"line":40,"column":null}},"16":{"start":{"line":1,"column":22},"end":{"line":1,"column":32}}},"fnMap":{"0":{"name":"(anonymous_0)","decl":{"start":{"line":1,"column":0},"end":{"line":1,"column":22}},"loc":{"start":{"line":1,"column":0},"end":{"line":40,"column":null}}},"1":{"name":"BaseEntity","decl":{"start":{"line":6,"column":4},"end":{"line":6,"column":16}},"loc":{"start":{"line":6,"column":26},"end":{"line":8,"column":5}}},"2":{"name":"(anonymous_2)","decl":{"start":{"line":11,"column":4},"end":{"line":11,"column":8}},"loc":{"start":{"line":11,"column":4},"end":{"line":13,"column":5}}},"3":{"name":"(anonymous_3)","decl":{"start":{"line":17,"column":4},"end":{"line":17,"column":11}},"loc":{"start":{"line":17,"column":4},"end":{"line":31,"column":5}}},"4":{"name":"(anonymous_4)","decl":{"start":{"line":19,"column":20},"end":{"line":19,"column":28}},"loc":{"start":{"line":19,"column":28},"end":{"line":19,"column":40}}},"5":{"name":"(anonymous_5)","decl":{"start":{"line":20,"column":20},"end":{"line":20,"column":21}},"loc":{"start":{"line":20,"column":34},"end":{"line":30,"column":13}}},"6":{"name":"(anonymous_6)","decl":{"start":{"line":33,"column":4},"end":{"line":33,"column":12}},"loc":{"start":{"line":33,"column":50},"end":{"line":39,"column":5}}}},"branchMap":{"0":{"loc":{"start":{"line":24,"column":16},"end":{"line":28,"column":null}},"type":"if","locations":[{"start":{"line":24,"column":16},"end":{"line":28,"column":null}},{"start":{"line":26,"column":23},"end":{"line":28,"column":null}}]}},"s":{"0":15,"1":168,"2":15,"3":102,"4":15,"5":2,"6":2,"7":5,"8":5,"9":5,"10":1,"11":4,"12":5,"13":15,"14":5,"15":15,"16":15},"f":{"0":15,"1":168,"2":102,"3":2,"4":5,"5":5,"6":5},"b":{"0":[1,4]}}
,"/home/matheus/boiler/src/@shared/exceptions/domain.exception.ts": {"path":"/home/matheus/boiler/src/@shared/exceptions/domain.exception.ts","statementMap":{"0":{"start":{"line":1,"column":0},"end":{"line":1,"column":null}},"1":{"start":{"line":2,"column":11},"end":{"line":2,"column":32}},"2":{"start":{"line":3,"column":11},"end":{"line":3,"column":32}},"3":{"start":{"line":6,"column":8},"end":{"line":6,"column":51}},"4":{"start":{"line":7,"column":8},"end":{"line":7,"column":31}},"5":{"start":{"line":11,"column":4},"end":{"line":13,"column":null}},"6":{"start":{"line":12,"column":8},"end":{"line":12,"column":26}},"7":{"start":{"line":14,"column":0},"end":{"line":14,"column":null}}},"fnMap":{"0":{"name":"(anonymous_0)","decl":{"start":{"line":1,"column":0},"end":{"line":1,"column":null}},"loc":{"start":{"line":1,"column":0},"end":{"line":14,"column":null}}},"1":{"name":"DomainException","decl":{"start":{"line":5,"column":4},"end":{"line":5,"column":16}},"loc":{"start":{"line":5,"column":62},"end":{"line":9,"column":5}}},"2":{"name":"(anonymous_2)","decl":{"start":{"line":11,"column":4},"end":{"line":11,"column":12}},"loc":{"start":{"line":11,"column":4},"end":{"line":13,"column":5}}}},"branchMap":{},"s":{"0":14,"1":15,"2":15,"3":15,"4":15,"5":14,"6":0,"7":14},"f":{"0":14,"1":15,"2":0},"b":{}}
,"/home/matheus/boiler/src/@shared/repository/base.repository.ts": {"path":"/home/matheus/boiler/src/@shared/repository/base.repository.ts","statementMap":{"0":{"start":{"line":4,"column":0},"end":{"line":4,"column":37}},"1":{"start":{"line":5,"column":0},"end":{"line":5,"column":59}},"2":{"start":{"line":25,"column":0},"end":{"line":25,"column":22}},"3":{"start":{"line":31,"column":8},"end":{"line":31,"column":67}},"4":{"start":{"line":34,"column":10},"end":{"line":36,"column":null}},"5":{"start":{"line":35,"column":15},"end":{"line":35,"column":50}},"6":{"start":{"line":35,"column":8},"end":{"line":35,"column":50}},"7":{"start":{"line":38,"column":10},"end":{"line":40,"column":null}},"8":{"start":{"line":39,"column":8},"end":{"line":39,"column":41}},"9":{"start":{"line":42,"column":10},"end":{"line":44,"column":null}},"10":{"start":{"line":42,"column":34},"end":{"line":42,"column":null}},"11":{"start":{"line":43,"column":15},"end":{"line":43,"column":105}},"12":{"start":{"line":43,"column":8},"end":{"line":43,"column":105}},"13":{"start":{"line":46,"column":10},"end":{"line":48,"column":null}},"14":{"start":{"line":46,"column":47},"end":{"line":46,"column":null}},"15":{"start":{"line":47,"column":15},"end":{"line":47,"column":105}},"16":{"start":{"line":47,"column":8},"end":{"line":47,"column":105}},"17":{"start":{"line":50,"column":10},"end":{"line":66,"column":null}},"18":{"start":{"line":50,"column":45},"end":{"line":50,"column":null}},"19":{"start":{"line":51,"column":32},"end":{"line":57,"column":null}},"20":{"start":{"line":51,"column":14},"end":{"line":51,"column":32}},"21":{"start":{"line":60,"column":8},"end":{"line":65,"column":10}},"22":{"start":{"line":61,"column":40},"end":{"line":61,"column":45}},"23":{"start":{"line":69,"column":10},"end":{"line":71,"column":null}},"24":{"start":{"line":70,"column":15},"end":{"line":70,"column":50}},"25":{"start":{"line":70,"column":8},"end":{"line":70,"column":50}},"26":{"start":{"line":73,"column":10},"end":{"line":75,"column":null}},"27":{"start":{"line":74,"column":16},"end":{"line":74,"column":93}},"28":{"start":{"line":74,"column":8},"end":{"line":74,"column":98}},"29":{"start":{"line":25,"column":22},"end":{"line":78,"column":null}},"30":{"start":{"line":78,"column":0},"end":{"line":78,"column":null}},"31":{"start":{"line":25,"column":22},"end":{"line":25,"column":36}}},"fnMap":{"0":{"name":"(anonymous_15)","decl":{"start":{"line":25,"column":0},"end":{"line":25,"column":22}},"loc":{"start":{"line":25,"column":0},"end":{"line":25,"column":22}}},"1":{"name":"BaseRepository","decl":{"start":{"line":30,"column":4},"end":{"line":30,"column":16}},"loc":{"start":{"line":30,"column":39},"end":{"line":32,"column":5}}},"2":{"name":"(anonymous_17)","decl":{"start":{"line":34,"column":4},"end":{"line":34,"column":10}},"loc":{"start":{"line":34,"column":26},"end":{"line":36,"column":null}}},"3":{"name":"(anonymous_20)","decl":{"start":{"line":38,"column":4},"end":{"line":38,"column":10}},"loc":{"start":{"line":38,"column":27},"end":{"line":40,"column":null}}},"4":{"name":"(anonymous_23)","decl":{"start":{"line":42,"column":4},"end":{"line":42,"column":10}},"loc":{"start":{"line":42,"column":58},"end":{"line":44,"column":null}}},"5":{"name":"(anonymous_26)","decl":{"start":{"line":46,"column":4},"end":{"line":46,"column":10}},"loc":{"start":{"line":46,"column":71},"end":{"line":48,"column":null}}},"6":{"name":"(anonymous_29)","decl":{"start":{"line":50,"column":4},"end":{"line":50,"column":10}},"loc":{"start":{"line":50,"column":69},"end":{"line":66,"column":null}}},"7":{"name":"(anonymous_32)","decl":{"start":{"line":61,"column":30},"end":{"line":61,"column":31}},"loc":{"start":{"line":61,"column":35},"end":{"line":61,"column":44}}},"8":{"name":"(anonymous_33)","decl":{"start":{"line":69,"column":4},"end":{"line":69,"column":10}},"loc":{"start":{"line":69,"column":26},"end":{"line":71,"column":null}}},"9":{"name":"(anonymous_36)","decl":{"start":{"line":73,"column":4},"end":{"line":73,"column":10}},"loc":{"start":{"line":73,"column":27},"end":{"line":75,"column":null}}}},"branchMap":{"0":{"loc":{"start":{"line":35,"column":15},"end":{"line":35,"column":50}},"type":"switch","locations":[{"start":{"line":35,"column":15},"end":{"line":35,"column":50}},{"start":{"line":35,"column":8},"end":{"line":35,"column":50}}]},"1":{"loc":{"start":{"line":39,"column":8},"end":{"line":39,"column":41}},"type":"switch","locations":[{"start":{"line":39,"column":8},"end":{"line":39,"column":41}}]},"2":{"loc":{"start":{"line":42,"column":34},"end":{"line":42,"column":null}},"type":"if","locations":[{"start":{"line":42,"column":34},"end":{"line":42,"column":null}}]},"3":{"loc":{"start":{"line":43,"column":15},"end":{"line":43,"column":105}},"type":"switch","locations":[{"start":{"line":43,"column":15},"end":{"line":43,"column":105}},{"start":{"line":43,"column":8},"end":{"line":43,"column":105}}]},"4":{"loc":{"start":{"line":46,"column":47},"end":{"line":46,"column":null}},"type":"if","locations":[{"start":{"line":46,"column":47},"end":{"line":46,"column":null}}]},"5":{"loc":{"start":{"line":47,"column":15},"end":{"line":47,"column":105}},"type":"switch","locations":[{"start":{"line":47,"column":15},"end":{"line":47,"column":105}},{"start":{"line":47,"column":8},"end":{"line":47,"column":105}}]},"6":{"loc":{"start":{"line":50,"column":45},"end":{"line":50,"column":null}},"type":"if","locations":[{"start":{"line":50,"column":45},"end":{"line":50,"column":null}}]},"7":{"loc":{"start":{"line":51,"column":32},"end":{"line":57,"column":null}},"type":"switch","locations":[{"start":{"line":51,"column":32},"end":{"line":57,"column":null}}]},"8":{"loc":{"start":{"line":52,"column":19},"end":{"line":52,"column":177}},"type":"cond-expr","locations":[{"start":{"line":52,"column":70},"end":{"line":52,"column":138}},{"start":{"line":52,"column":141},"end":{"line":52,"column":177}}]},"9":{"loc":{"start":{"line":52,"column":19},"end":{"line":52,"column":67}},"type":"binary-expr","locations":[{"start":{"line":52,"column":20},"end":{"line":52,"column":37}},{"start":{"line":52,"column":43},"end":{"line":52,"column":66}}]},"10":{"loc":{"start":{"line":53,"column":19},"end":{"line":53,"column":152}},"type":"cond-expr","locations":[{"start":{"line":53,"column":47},"end":{"line":53,"column":113}},{"start":{"line":53,"column":116},"end":{"line":53,"column":152}}]},"11":{"loc":{"start":{"line":56,"column":23},"end":{"line":56,"column":38}},"type":"cond-expr","locations":[{"start":{"line":56,"column":23},"end":{"line":56,"column":32}},{"start":{"line":56,"column":36},"end":{"line":56,"column":38}}]},"12":{"loc":{"start":{"line":56,"column":23},"end":{"line":56,"column":36}},"type":"binary-expr","locations":[{"start":{"line":56,"column":23},"end":{"line":56,"column":36}},{"start":{"line":56,"column":23},"end":{"line":56,"column":36}}]},"13":{"loc":{"start":{"line":70,"column":15},"end":{"line":70,"column":50}},"type":"switch","locations":[{"start":{"line":70,"column":15},"end":{"line":70,"column":50}},{"start":{"line":70,"column":8},"end":{"line":70,"column":50}}]},"14":{"loc":{"start":{"line":74,"column":16},"end":{"line":74,"column":93}},"type":"switch","locations":[{"start":{"line":74,"column":16},"end":{"line":74,"column":93}},{"start":{"line":74,"column":8},"end":{"line":74,"column":98}}]}},"s":{"0":1,"1":1,"2":1,"3":12,"4":1,"5":0,"6":0,"7":1,"8":0,"9":1,"10":0,"11":0,"12":0,"13":1,"14":0,"15":0,"16":0,"17":1,"18":0,"19":0,"20":0,"21":0,"22":0,"23":1,"24":0,"25":0,"26":1,"27":0,"28":0,"29":1,"30":1,"31":1},"f":{"0":1,"1":12,"2":0,"3":0,"4":0,"5":0,"6":0,"7":0,"8":0,"9":0},"b":{"0":[0,0],"1":[0],"2":[0],"3":[0,0],"4":[0],"5":[0,0],"6":[0],"7":[0],"8":[0,0],"9":[0,0],"10":[0,0],"11":[0,0],"12":[0,0],"13":[0,0],"14":[0,0]}}
,"/home/matheus/boiler/src/@shared/usecase/usecase.abstract.ts": {"path":"/home/matheus/boiler/src/@shared/usecase/usecase.abstract.ts","statementMap":{"0":{"start":{"line":1,"column":0},"end":{"line":1,"column":37}},"1":{"start":{"line":4,"column":0},"end":{"line":4,"column":30}},"2":{"start":{"line":4,"column":30},"end":{"line":6,"column":null}},"3":{"start":{"line":6,"column":0},"end":{"line":6,"column":null}},"4":{"start":{"line":4,"column":30},"end":{"line":4,"column":null}}},"fnMap":{"0":{"name":"(anonymous_1)","decl":{"start":{"line":4,"column":0},"end":{"line":4,"column":30}},"loc":{"start":{"line":4,"column":0},"end":{"line":4,"column":30}}}},"branchMap":{},"s":{"0":13,"1":13,"2":13,"3":13,"4":13},"f":{"0":44},"b":{}}
,"/home/matheus/boiler/src/application/enum/FazendaEnum.ts": {"path":"/home/matheus/boiler/src/application/enum/FazendaEnum.ts","statementMap":{"0":{"start":{"line":1,"column":0},"end":{"line":1,"column":null}},"1":{"start":{"line":2,"column":4},"end":{"line":2,"column":null}}},"fnMap":{"0":{"name":"(anonymous_0)","decl":{"start":{"line":1,"column":0},"end":{"line":1,"column":12}},"loc":{"start":{"line":1,"column":23},"end":{"line":3,"column":1}}}},"branchMap":{"0":{"loc":{"start":{"line":1,"column":12},"end":{"line":1,"column":null}},"type":"binary-expr","locations":[{"start":{"line":1,"column":12},"end":{"line":1,"column":23}},{"start":{"line":1,"column":12},"end":{"line":1,"column":null}}]}},"s":{"0":4,"1":4},"f":{"0":4},"b":{"0":[4,4]}}
,"/home/matheus/boiler/src/application/jobs/job.teste.ts": {"path":"/home/matheus/boiler/src/application/jobs/job.teste.ts","statementMap":{"0":{"start":{"line":1,"column":0},"end":{"line":1,"column":65}},"1":{"start":{"line":2,"column":0},"end":{"line":2,"column":60}},"2":{"start":{"line":4,"column":0},"end":{"line":4,"column":null}},"3":{"start":{"line":4,"column":38},"end":{"line":4,"column":48}},"4":{"start":{"line":6,"column":8},"end":{"line":6,"column":null}},"5":{"start":{"line":7,"column":8},"end":{"line":7,"column":34}},"6":{"start":{"line":9,"column":8},"end":{"line":9,"column":21}},"7":{"start":{"line":12,"column":10},"end":{"line":18,"column":null}},"8":{"start":{"line":13,"column":8},"end":{"line":13,"column":25}},"9":{"start":{"line":15,"column":8},"end":{"line":17,"column":11}},"10":{"start":{"line":15,"column":45},"end":{"line":17,"column":10}},"11":{"start":{"line":16,"column":12},"end":{"line":16,"column":43}},"12":{"start":{"line":20,"column":10},"end":{"line":23,"column":null}},"13":{"start":{"line":21,"column":8},"end":{"line":21,"column":47}},"14":{"start":{"line":22,"column":8},"end":{"line":22,"column":35}},"15":{"start":{"line":25,"column":0},"end":{"line":25,"column":null}}},"fnMap":{"0":{"name":"(anonymous_19)","decl":{"start":{"line":4,"column":0},"end":{"line":4,"column":38}},"loc":{"start":{"line":4,"column":0},"end":{"line":25,"column":null}}},"1":{"name":"TesteJob","decl":{"start":{"line":5,"column":4},"end":{"line":5,"column":null}},"loc":{"start":{"line":5,"column":4},"end":{"line":10,"column":5}}},"2":{"name":"(anonymous_21)","decl":{"start":{"line":12,"column":4},"end":{"line":12,"column":10}},"loc":{"start":{"line":12,"column":4},"end":{"line":18,"column":null}}},"3":{"name":"(anonymous_24)","decl":{"start":{"line":15,"column":29},"end":{"line":15,"column":36}},"loc":{"start":{"line":15,"column":45},"end":{"line":17,"column":10}}},"4":{"name":"(anonymous_25)","decl":{"start":{"line":15,"column":45},"end":{"line":15,"column":null}},"loc":{"start":{"line":15,"column":45},"end":{"line":17,"column":10}}},"5":{"name":"(anonymous_27)","decl":{"start":{"line":20,"column":4},"end":{"line":20,"column":10}},"loc":{"start":{"line":20,"column":43},"end":{"line":23,"column":null}}}},"branchMap":{"0":{"loc":{"start":{"line":6,"column":8},"end":{"line":6,"column":null}},"type":"binary-expr","locations":[{"start":{"line":6,"column":8},"end":{"line":6,"column":27}},{"start":{"line":6,"column":27},"end":{"line":6,"column":null}}]},"1":{"loc":{"start":{"line":16,"column":12},"end":{"line":16,"column":43}},"type":"switch","locations":[{"start":{"line":16,"column":12},"end":{"line":16,"column":43}}]}},"s":{"0":0,"1":0,"2":0,"3":0,"4":0,"5":0,"6":0,"7":0,"8":0,"9":0,"10":0,"11":0,"12":0,"13":0,"14":0,"15":0},"f":{"0":0,"1":0,"2":0,"3":0,"4":0,"5":0},"b":{"0":[0,0],"1":[0]}}
,"/home/matheus/boiler/src/application/usecase/concessionarias/destroy.concessionaria.usecase.ts": {"path":"/home/matheus/boiler/src/application/usecase/concessionarias/destroy.concessionaria.usecase.ts","statementMap":{"0":{"start":{"line":1,"column":0},"end":{"line":1,"column":45}},"1":{"start":{"line":2,"column":0},"end":{"line":2,"column":64}},"2":{"start":{"line":5,"column":0},"end":{"line":5,"column":77}},"3":{"start":{"line":9,"column":0},"end":{"line":9,"column":87}},"4":{"start":{"line":9,"column":58},"end":{"line":9,"column":65}},"5":{"start":{"line":14,"column":8},"end":{"line":14,"column":null}},"6":{"start":{"line":12,"column":61},"end":{"line":12,"column":98}},"7":{"start":{"line":17,"column":10},"end":{"line":31,"column":null}},"8":{"start":{"line":19,"column":23},"end":{"line":19,"column":null}},"9":{"start":{"line":19,"column":14},"end":{"line":19,"column":null}},"10":{"start":{"line":21,"column":8},"end":{"line":23,"column":null}},"11":{"start":{"line":22,"column":12},"end":{"line":22,"column":73}},"12":{"start":{"line":25,"column":8},"end":{"line":25,"column":44}},"13":{"start":{"line":27,"column":8},"end":{"line":30,"column":null}},"14":{"start":{"line":9,"column":21},"end":{"line":32,"column":null}},"15":{"start":{"line":32,"column":0},"end":{"line":32,"column":null}},"16":{"start":{"line":9,"column":21},"end":{"line":9,"column":58}}},"fnMap":{"0":{"name":"(anonymous_23)","decl":{"start":{"line":9,"column":0},"end":{"line":9,"column":21}},"loc":{"start":{"line":9,"column":0},"end":{"line":9,"column":21}}},"1":{"name":"DestroyConcessionariaUsecase","decl":{"start":{"line":11,"column":4},"end":{"line":11,"column":null}},"loc":{"start":{"line":12,"column":98},"end":{"line":15,"column":5}}},"2":{"name":"(anonymous_25)","decl":{"start":{"line":17,"column":4},"end":{"line":17,"column":10}},"loc":{"start":{"line":17,"column":31},"end":{"line":31,"column":null}}}},"branchMap":{"0":{"loc":{"start":{"line":14,"column":8},"end":{"line":14,"column":null}},"type":"binary-expr","locations":[{"start":{"line":14,"column":8},"end":{"line":14,"column":15}},{"start":{"line":14,"column":15},"end":{"line":14,"column":null}}]},"1":{"loc":{"start":{"line":19,"column":23},"end":{"line":19,"column":null}},"type":"switch","locations":[{"start":{"line":19,"column":23},"end":{"line":19,"column":null}}]},"2":{"loc":{"start":{"line":21,"column":8},"end":{"line":23,"column":null}},"type":"if","locations":[{"start":{"line":21,"column":8},"end":{"line":23,"column":null}}]}},"s":{"0":3,"1":3,"2":3,"3":3,"4":3,"5":4,"6":4,"7":3,"8":2,"9":2,"10":2,"11":1,"12":2,"13":1,"14":3,"15":3,"16":3},"f":{"0":3,"1":4,"2":2},"b":{"0":[4,4],"1":[2],"2":[1]}}
,"/home/matheus/boiler/src/application/usecase/concessionarias/list.concessionaria.usecase.ts": {"path":"/home/matheus/boiler/src/application/usecase/concessionarias/list.concessionaria.usecase.ts","statementMap":{"0":{"start":{"line":1,"column":0},"end":{"line":1,"column":44}},"1":{"start":{"line":2,"column":0},"end":{"line":2,"column":63}},"2":{"start":{"line":7,"column":0},"end":{"line":7,"column":90}},"3":{"start":{"line":10,"column":0},"end":{"line":10,"column":125}},"4":{"start":{"line":10,"column":55},"end":{"line":10,"column":62}},"5":{"start":{"line":14,"column":8},"end":{"line":14,"column":null}},"6":{"start":{"line":12,"column":61},"end":{"line":12,"column":98}},"7":{"start":{"line":17,"column":10},"end":{"line":28,"column":null}},"8":{"start":{"line":18,"column":21},"end":{"line":18,"column":null}},"9":{"start":{"line":18,"column":14},"end":{"line":18,"column":null}},"10":{"start":{"line":20,"column":8},"end":{"line":27,"column":null}},"11":{"start":{"line":22,"column":16},"end":{"line":22,"column":null}},"12":{"start":{"line":10,"column":21},"end":{"line":29,"column":null}},"13":{"start":{"line":29,"column":0},"end":{"line":29,"column":null}},"14":{"start":{"line":10,"column":21},"end":{"line":10,"column":55}}},"fnMap":{"0":{"name":"(anonymous_23)","decl":{"start":{"line":10,"column":0},"end":{"line":10,"column":21}},"loc":{"start":{"line":10,"column":0},"end":{"line":10,"column":21}}},"1":{"name":"ListConcessionariaUsecase","decl":{"start":{"line":11,"column":4},"end":{"line":11,"column":null}},"loc":{"start":{"line":12,"column":98},"end":{"line":15,"column":5}}},"2":{"name":"(anonymous_25)","decl":{"start":{"line":17,"column":4},"end":{"line":17,"column":10}},"loc":{"start":{"line":17,"column":43},"end":{"line":28,"column":null}}},"3":{"name":"(anonymous_28)","decl":{"start":{"line":21,"column":34},"end":{"line":21,"column":38}},"loc":{"start":{"line":21,"column":38},"end":{"line":23,"column":13}}}},"branchMap":{"0":{"loc":{"start":{"line":14,"column":8},"end":{"line":14,"column":null}},"type":"binary-expr","locations":[{"start":{"line":14,"column":8},"end":{"line":14,"column":15}},{"start":{"line":14,"column":15},"end":{"line":14,"column":null}}]},"1":{"loc":{"start":{"line":18,"column":21},"end":{"line":18,"column":null}},"type":"switch","locations":[{"start":{"line":18,"column":21},"end":{"line":18,"column":null}}]}},"s":{"0":3,"1":3,"2":3,"3":3,"4":3,"5":3,"6":3,"7":3,"8":1,"9":1,"10":1,"11":10,"12":3,"13":3,"14":3},"f":{"0":3,"1":3,"2":1,"3":10},"b":{"0":[3,3],"1":[1]}}
,"/home/matheus/boiler/src/application/usecase/concessionarias/save.concessionaria.usecase.ts": {"path":"/home/matheus/boiler/src/application/usecase/concessionarias/save.concessionaria.usecase.ts","statementMap":{"0":{"start":{"line":1,"column":0},"end":{"line":1,"column":45}},"1":{"start":{"line":2,"column":0},"end":{"line":2,"column":64}},"2":{"start":{"line":4,"column":0},"end":{"line":4,"column":90}},"3":{"start":{"line":9,"column":0},"end":{"line":9,"column":112}},"4":{"start":{"line":9,"column":55},"end":{"line":9,"column":62}},"5":{"start":{"line":14,"column":8},"end":{"line":14,"column":null}},"6":{"start":{"line":12,"column":61},"end":{"line":12,"column":98}},"7":{"start":{"line":18,"column":10},"end":{"line":36,"column":null}},"8":{"start":{"line":21,"column":14},"end":{"line":24,"column":11}},"9":{"start":{"line":26,"column":14},"end":{"line":26,"column":66}},"10":{"start":{"line":27,"column":23},"end":{"line":27,"column":null}},"11":{"start":{"line":27,"column":14},"end":{"line":27,"column":null}},"12":{"start":{"line":29,"column":8},"end":{"line":33,"column":11}},"13":{"start":{"line":9,"column":21},"end":{"line":37,"column":null}},"14":{"start":{"line":37,"column":0},"end":{"line":37,"column":null}},"15":{"start":{"line":9,"column":21},"end":{"line":9,"column":55}}},"fnMap":{"0":{"name":"(anonymous_23)","decl":{"start":{"line":9,"column":0},"end":{"line":9,"column":21}},"loc":{"start":{"line":9,"column":0},"end":{"line":9,"column":21}}},"1":{"name":"SaveConcessionariaUsecase","decl":{"start":{"line":11,"column":4},"end":{"line":11,"column":null}},"loc":{"start":{"line":12,"column":98},"end":{"line":15,"column":5}}},"2":{"name":"(anonymous_25)","decl":{"start":{"line":18,"column":4},"end":{"line":18,"column":10}},"loc":{"start":{"line":18,"column":50},"end":{"line":36,"column":null}}}},"branchMap":{"0":{"loc":{"start":{"line":14,"column":8},"end":{"line":14,"column":null}},"type":"binary-expr","locations":[{"start":{"line":14,"column":8},"end":{"line":14,"column":15}},{"start":{"line":14,"column":15},"end":{"line":14,"column":null}}]}},"s":{"0":3,"1":3,"2":3,"3":3,"4":3,"5":2,"6":2,"7":3,"8":1,"9":1,"10":1,"11":1,"12":1,"13":3,"14":3,"15":3},"f":{"0":3,"1":2,"2":1},"b":{"0":[2,2]}}
,"/home/matheus/boiler/src/application/usecase/concessionarias/show.concessionaria.usecase.ts": {"path":"/home/matheus/boiler/src/application/usecase/concessionarias/show.concessionaria.usecase.ts","statementMap":{"0":{"start":{"line":1,"column":0},"end":{"line":1,"column":44}},"1":{"start":{"line":2,"column":0},"end":{"line":2,"column":63}},"2":{"start":{"line":5,"column":0},"end":{"line":5,"column":90}},"3":{"start":{"line":6,"column":0},"end":{"line":6,"column":77}},"4":{"start":{"line":9,"column":0},"end":{"line":9,"column":92}},"5":{"start":{"line":9,"column":55},"end":{"line":9,"column":62}},"6":{"start":{"line":13,"column":8},"end":{"line":13,"column":null}},"7":{"start":{"line":11,"column":61},"end":{"line":11,"column":98}},"8":{"start":{"line":16,"column":10},"end":{"line":24,"column":null}},"9":{"start":{"line":17,"column":21},"end":{"line":17,"column":null}},"10":{"start":{"line":17,"column":14},"end":{"line":17,"column":null}},"11":{"start":{"line":19,"column":8},"end":{"line":21,"column":null}},"12":{"start":{"line":20,"column":12},"end":{"line":20,"column":null}},"13":{"start":{"line":23,"column":8},"end":{"line":23,"column":null}},"14":{"start":{"line":9,"column":21},"end":{"line":25,"column":null}},"15":{"start":{"line":25,"column":0},"end":{"line":25,"column":null}},"16":{"start":{"line":9,"column":21},"end":{"line":9,"column":55}}},"fnMap":{"0":{"name":"(anonymous_23)","decl":{"start":{"line":9,"column":0},"end":{"line":9,"column":21}},"loc":{"start":{"line":9,"column":0},"end":{"line":9,"column":21}}},"1":{"name":"ShowConcessionariaUsecase","decl":{"start":{"line":10,"column":4},"end":{"line":10,"column":null}},"loc":{"start":{"line":11,"column":98},"end":{"line":14,"column":5}}},"2":{"name":"(anonymous_25)","decl":{"start":{"line":16,"column":4},"end":{"line":16,"column":10}},"loc":{"start":{"line":16,"column":31},"end":{"line":24,"column":null}}}},"branchMap":{"0":{"loc":{"start":{"line":13,"column":8},"end":{"line":13,"column":null}},"type":"binary-expr","locations":[{"start":{"line":13,"column":8},"end":{"line":13,"column":15}},{"start":{"line":13,"column":15},"end":{"line":13,"column":null}}]},"1":{"loc":{"start":{"line":17,"column":21},"end":{"line":17,"column":null}},"type":"switch","locations":[{"start":{"line":17,"column":21},"end":{"line":17,"column":null}}]},"2":{"loc":{"start":{"line":19,"column":8},"end":{"line":21,"column":null}},"type":"if","locations":[{"start":{"line":19,"column":8},"end":{"line":21,"column":null}}]}},"s":{"0":3,"1":3,"2":3,"3":3,"4":3,"5":3,"6":3,"7":3,"8":3,"9":2,"10":2,"11":2,"12":1,"13":1,"14":3,"15":3,"16":3},"f":{"0":3,"1":3,"2":2},"b":{"0":[3,3],"1":[2],"2":[1]}}
,"/home/matheus/boiler/src/application/usecase/concessionarias/update.concessionaria.usecase.ts": {"path":"/home/matheus/boiler/src/application/usecase/concessionarias/update.concessionaria.usecase.ts","statementMap":{"0":{"start":{"line":1,"column":0},"end":{"line":1,"column":45}},"1":{"start":{"line":2,"column":0},"end":{"line":2,"column":64}},"2":{"start":{"line":4,"column":0},"end":{"line":4,"column":90}},"3":{"start":{"line":7,"column":0},"end":{"line":7,"column":77}},"4":{"start":{"line":11,"column":0},"end":{"line":11,"column":116}},"5":{"start":{"line":11,"column":57},"end":{"line":11,"column":64}},"6":{"start":{"line":16,"column":8},"end":{"line":16,"column":null}},"7":{"start":{"line":14,"column":61},"end":{"line":14,"column":98}},"8":{"start":{"line":19,"column":10},"end":{"line":33,"column":null}},"9":{"start":{"line":21,"column":23},"end":{"line":21,"column":null}},"10":{"start":{"line":21,"column":14},"end":{"line":21,"column":null}},"11":{"start":{"line":23,"column":8},"end":{"line":25,"column":null}},"12":{"start":{"line":24,"column":12},"end":{"line":24,"column":null}},"13":{"start":{"line":27,"column":14},"end":{"line":27,"column":63}},"14":{"start":{"line":28,"column":14},"end":{"line":28,"column":66}},"15":{"start":{"line":29,"column":8},"end":{"line":29,"column":null}},"16":{"start":{"line":31,"column":8},"end":{"line":31,"column":22}},"17":{"start":{"line":11,"column":21},"end":{"line":34,"column":null}},"18":{"start":{"line":34,"column":0},"end":{"line":34,"column":null}},"19":{"start":{"line":11,"column":21},"end":{"line":11,"column":57}}},"fnMap":{"0":{"name":"(anonymous_23)","decl":{"start":{"line":11,"column":0},"end":{"line":11,"column":21}},"loc":{"start":{"line":11,"column":0},"end":{"line":11,"column":21}}},"1":{"name":"UpdateConcessionariaUsecase","decl":{"start":{"line":13,"column":4},"end":{"line":13,"column":null}},"loc":{"start":{"line":14,"column":98},"end":{"line":17,"column":5}}},"2":{"name":"(anonymous_25)","decl":{"start":{"line":19,"column":4},"end":{"line":19,"column":10}},"loc":{"start":{"line":19,"column":53},"end":{"line":33,"column":null}}}},"branchMap":{"0":{"loc":{"start":{"line":16,"column":8},"end":{"line":16,"column":null}},"type":"binary-expr","locations":[{"start":{"line":16,"column":8},"end":{"line":16,"column":15}},{"start":{"line":16,"column":15},"end":{"line":16,"column":null}}]},"1":{"loc":{"start":{"line":21,"column":23},"end":{"line":21,"column":null}},"type":"switch","locations":[{"start":{"line":21,"column":23},"end":{"line":21,"column":null}}]},"2":{"loc":{"start":{"line":23,"column":8},"end":{"line":25,"column":null}},"type":"if","locations":[{"start":{"line":23,"column":8},"end":{"line":25,"column":null}}]}},"s":{"0":3,"1":3,"2":3,"3":3,"4":3,"5":3,"6":3,"7":3,"8":3,"9":2,"10":2,"11":2,"12":1,"13":1,"14":1,"15":2,"16":1,"17":3,"18":3,"19":3},"f":{"0":3,"1":3,"2":2},"b":{"0":[3,3],"1":[2],"2":[1]}}
,"/home/matheus/boiler/src/application/usecase/fazenda/destroy.fazenda.usecase.ts": {"path":"/home/matheus/boiler/src/application/usecase/fazenda/destroy.fazenda.usecase.ts","statementMap":{"0":{"start":{"line":2,"column":0},"end":{"line":2,"column":64}},"1":{"start":{"line":3,"column":0},"end":{"line":3,"column":45}},"2":{"start":{"line":8,"column":0},"end":{"line":8,"column":80}},"3":{"start":{"line":8,"column":51},"end":{"line":8,"column":58}},"4":{"start":{"line":12,"column":8},"end":{"line":12,"column":null}},"5":{"start":{"line":10,"column":54},"end":{"line":10,"column":84}},"6":{"start":{"line":15,"column":10},"end":{"line":19,"column":null}},"7":{"start":{"line":16,"column":8},"end":{"line":16,"column":43}},"8":{"start":{"line":18,"column":8},"end":{"line":18,"column":72}},"9":{"start":{"line":8,"column":21},"end":{"line":20,"column":null}},"10":{"start":{"line":20,"column":0},"end":{"line":20,"column":null}},"11":{"start":{"line":8,"column":21},"end":{"line":8,"column":51}}},"fnMap":{"0":{"name":"(anonymous_23)","decl":{"start":{"line":8,"column":0},"end":{"line":8,"column":21}},"loc":{"start":{"line":8,"column":0},"end":{"line":8,"column":21}}},"1":{"name":"DestroyFazendaUsecase","decl":{"start":{"line":9,"column":4},"end":{"line":9,"column":null}},"loc":{"start":{"line":10,"column":84},"end":{"line":13,"column":5}}},"2":{"name":"(anonymous_25)","decl":{"start":{"line":15,"column":4},"end":{"line":15,"column":10}},"loc":{"start":{"line":15,"column":30},"end":{"line":19,"column":null}}}},"branchMap":{"0":{"loc":{"start":{"line":12,"column":8},"end":{"line":12,"column":null}},"type":"binary-expr","locations":[{"start":{"line":12,"column":8},"end":{"line":12,"column":15}},{"start":{"line":12,"column":15},"end":{"line":12,"column":null}}]},"1":{"loc":{"start":{"line":16,"column":8},"end":{"line":16,"column":43}},"type":"switch","locations":[{"start":{"line":16,"column":8},"end":{"line":16,"column":43}}]}},"s":{"0":3,"1":3,"2":3,"3":3,"4":2,"5":2,"6":3,"7":2,"8":1,"9":3,"10":3,"11":3},"f":{"0":3,"1":2,"2":1},"b":{"0":[2,2],"1":[1]}}
,"/home/matheus/boiler/src/application/usecase/fazenda/insert.fazenda.usecase.ts": {"path":"/home/matheus/boiler/src/application/usecase/fazenda/insert.fazenda.usecase.ts","statementMap":{"0":{"start":{"line":1,"column":0},"end":{"line":1,"column":64}},"1":{"start":{"line":2,"column":0},"end":{"line":2,"column":45}},"2":{"start":{"line":3,"column":0},"end":{"line":3,"column":85}},"3":{"start":{"line":8,"column":0},"end":{"line":8,"column":86}},"4":{"start":{"line":8,"column":50},"end":{"line":8,"column":57}},"5":{"start":{"line":13,"column":8},"end":{"line":13,"column":null}},"6":{"start":{"line":11,"column":54},"end":{"line":11,"column":84}},"7":{"start":{"line":16,"column":10},"end":{"line":23,"column":null}},"8":{"start":{"line":18,"column":14},"end":{"line":18,"column":50}},"9":{"start":{"line":19,"column":14},"end":{"line":19,"column":59}},"10":{"start":{"line":20,"column":23},"end":{"line":20,"column":null}},"11":{"start":{"line":20,"column":14},"end":{"line":20,"column":null}},"12":{"start":{"line":22,"column":8},"end":{"line":22,"column":49}},"13":{"start":{"line":8,"column":21},"end":{"line":24,"column":null}},"14":{"start":{"line":24,"column":0},"end":{"line":24,"column":null}},"15":{"start":{"line":8,"column":21},"end":{"line":8,"column":50}}},"fnMap":{"0":{"name":"(anonymous_23)","decl":{"start":{"line":8,"column":0},"end":{"line":8,"column":21}},"loc":{"start":{"line":8,"column":0},"end":{"line":8,"column":21}}},"1":{"name":"InsertFazendaUsecase","decl":{"start":{"line":10,"column":4},"end":{"line":10,"column":null}},"loc":{"start":{"line":11,"column":84},"end":{"line":14,"column":5}}},"2":{"name":"(anonymous_25)","decl":{"start":{"line":16,"column":4},"end":{"line":16,"column":10}},"loc":{"start":{"line":16,"column":36},"end":{"line":23,"column":null}}}},"branchMap":{"0":{"loc":{"start":{"line":13,"column":8},"end":{"line":13,"column":null}},"type":"binary-expr","locations":[{"start":{"line":13,"column":8},"end":{"line":13,"column":15}},{"start":{"line":13,"column":15},"end":{"line":13,"column":null}}]}},"s":{"0":3,"1":3,"2":3,"3":3,"4":3,"5":2,"6":2,"7":3,"8":1,"9":1,"10":1,"11":1,"12":1,"13":3,"14":3,"15":3},"f":{"0":3,"1":2,"2":1},"b":{"0":[2,2]}}
,"/home/matheus/boiler/src/application/usecase/fazenda/list.fazenda.usecase.ts": {"path":"/home/matheus/boiler/src/application/usecase/fazenda/list.fazenda.usecase.ts","statementMap":{"0":{"start":{"line":4,"column":0},"end":{"line":4,"column":64}},"1":{"start":{"line":5,"column":0},"end":{"line":5,"column":45}},"2":{"start":{"line":7,"column":0},"end":{"line":7,"column":69}},"3":{"start":{"line":10,"column":0},"end":{"line":10,"column":111}},"4":{"start":{"line":10,"column":48},"end":{"line":10,"column":55}},"5":{"start":{"line":14,"column":8},"end":{"line":14,"column":null}},"6":{"start":{"line":12,"column":54},"end":{"line":12,"column":84}},"7":{"start":{"line":17,"column":10},"end":{"line":26,"column":null}},"8":{"start":{"line":18,"column":23},"end":{"line":18,"column":null}},"9":{"start":{"line":18,"column":14},"end":{"line":18,"column":null}},"10":{"start":{"line":20,"column":8},"end":{"line":25,"column":null}},"11":{"start":{"line":21,"column":61},"end":{"line":21,"column":96}},"12":{"start":{"line":10,"column":21},"end":{"line":27,"column":null}},"13":{"start":{"line":27,"column":0},"end":{"line":27,"column":null}},"14":{"start":{"line":10,"column":21},"end":{"line":10,"column":48}}},"fnMap":{"0":{"name":"(anonymous_23)","decl":{"start":{"line":10,"column":0},"end":{"line":10,"column":21}},"loc":{"start":{"line":10,"column":0},"end":{"line":10,"column":21}}},"1":{"name":"ListFazendaUsecase","decl":{"start":{"line":11,"column":4},"end":{"line":11,"column":null}},"loc":{"start":{"line":12,"column":84},"end":{"line":15,"column":5}}},"2":{"name":"(anonymous_25)","decl":{"start":{"line":17,"column":4},"end":{"line":17,"column":10}},"loc":{"start":{"line":17,"column":42},"end":{"line":26,"column":null}}},"3":{"name":"(anonymous_28)","decl":{"start":{"line":21,"column":51},"end":{"line":21,"column":52}},"loc":{"start":{"line":21,"column":56},"end":{"line":21,"column":75}}}},"branchMap":{"0":{"loc":{"start":{"line":14,"column":8},"end":{"line":14,"column":null}},"type":"binary-expr","locations":[{"start":{"line":14,"column":8},"end":{"line":14,"column":15}},{"start":{"line":14,"column":15},"end":{"line":14,"column":null}}]},"1":{"loc":{"start":{"line":18,"column":23},"end":{"line":18,"column":null}},"type":"switch","locations":[{"start":{"line":18,"column":23},"end":{"line":18,"column":null}}]},"2":{"loc":{"start":{"line":21,"column":19},"end":{"line":21,"column":101}},"type":"cond-expr","locations":[{"start":{"line":21,"column":34},"end":{"line":21,"column":96}},{"start":{"line":21,"column":99},"end":{"line":21,"column":101}}]}},"s":{"0":3,"1":3,"2":3,"3":3,"4":3,"5":4,"6":4,"7":3,"8":2,"9":2,"10":2,"11":10,"12":3,"13":3,"14":3},"f":{"0":3,"1":4,"2":2,"3":10},"b":{"0":[4,4],"1":[2],"2":[2,0]}}
,"/home/matheus/boiler/src/application/usecase/fazenda/show.fazenda.usecase.ts": {"path":"/home/matheus/boiler/src/application/usecase/fazenda/show.fazenda.usecase.ts","statementMap":{"0":{"start":{"line":1,"column":0},"end":{"line":1,"column":64}},"1":{"start":{"line":2,"column":0},"end":{"line":2,"column":45}},"2":{"start":{"line":5,"column":0},"end":{"line":5,"column":87}},"3":{"start":{"line":6,"column":0},"end":{"line":6,"column":77}},"4":{"start":{"line":7,"column":0},"end":{"line":7,"column":51}},"5":{"start":{"line":10,"column":0},"end":{"line":10,"column":78}},"6":{"start":{"line":10,"column":48},"end":{"line":10,"column":55}},"7":{"start":{"line":14,"column":8},"end":{"line":14,"column":null}},"8":{"start":{"line":12,"column":54},"end":{"line":12,"column":84}},"9":{"start":{"line":17,"column":10},"end":{"line":40,"column":null}},"10":{"start":{"line":18,"column":23},"end":{"line":18,"column":null}},"11":{"start":{"line":18,"column":14},"end":{"line":18,"column":null}},"12":{"start":{"line":20,"column":8},"end":{"line":22,"column":null}},"13":{"start":{"line":21,"column":12},"end":{"line":21,"column":76}},"14":{"start":{"line":24,"column":23},"end":{"line":24,"column":null}},"15":{"start":{"line":24,"column":14},"end":{"line":24,"column":null}},"16":{"start":{"line":26,"column":8},"end":{"line":39,"column":null}},"17":{"start":{"line":10,"column":21},"end":{"line":41,"column":null}},"18":{"start":{"line":41,"column":0},"end":{"line":41,"column":null}},"19":{"start":{"line":10,"column":21},"end":{"line":10,"column":48}}},"fnMap":{"0":{"name":"(anonymous_23)","decl":{"start":{"line":10,"column":0},"end":{"line":10,"column":21}},"loc":{"start":{"line":10,"column":0},"end":{"line":10,"column":21}}},"1":{"name":"ShowFazendaUsecase","decl":{"start":{"line":11,"column":4},"end":{"line":11,"column":null}},"loc":{"start":{"line":12,"column":84},"end":{"line":15,"column":5}}},"2":{"name":"(anonymous_25)","decl":{"start":{"line":17,"column":4},"end":{"line":17,"column":10}},"loc":{"start":{"line":17,"column":30},"end":{"line":40,"column":null}}}},"branchMap":{"0":{"loc":{"start":{"line":14,"column":8},"end":{"line":14,"column":null}},"type":"binary-expr","locations":[{"start":{"line":14,"column":8},"end":{"line":14,"column":15}},{"start":{"line":14,"column":15},"end":{"line":14,"column":null}}]},"1":{"loc":{"start":{"line":18,"column":23},"end":{"line":18,"column":null}},"type":"switch","locations":[{"start":{"line":18,"column":23},"end":{"line":18,"column":null}}]},"2":{"loc":{"start":{"line":20,"column":8},"end":{"line":22,"column":null}},"type":"if","locations":[{"start":{"line":20,"column":8},"end":{"line":22,"column":null}}]}},"s":{"0":3,"1":3,"2":3,"3":3,"4":3,"5":3,"6":3,"7":4,"8":4,"9":3,"10":2,"11":2,"12":2,"13":1,"14":1,"15":1,"16":1,"17":3,"18":3,"19":3},"f":{"0":3,"1":4,"2":2},"b":{"0":[4,4],"1":[2],"2":[1]}}
,"/home/matheus/boiler/src/application/usecase/fazenda/update.fazenda.usecase.ts": {"path":"/home/matheus/boiler/src/application/usecase/fazenda/update.fazenda.usecase.ts","statementMap":{"0":{"start":{"line":1,"column":0},"end":{"line":1,"column":87}},"1":{"start":{"line":2,"column":0},"end":{"line":2,"column":64}},"2":{"start":{"line":3,"column":0},"end":{"line":3,"column":45}},"3":{"start":{"line":6,"column":0},"end":{"line":6,"column":77}},"4":{"start":{"line":7,"column":0},"end":{"line":7,"column":51}},"5":{"start":{"line":10,"column":0},"end":{"line":10,"column":88}},"6":{"start":{"line":10,"column":50},"end":{"line":10,"column":57}},"7":{"start":{"line":15,"column":8},"end":{"line":15,"column":null}},"8":{"start":{"line":13,"column":54},"end":{"line":13,"column":84}},"9":{"start":{"line":18,"column":10},"end":{"line":31,"column":null}},"10":{"start":{"line":20,"column":23},"end":{"line":20,"column":null}},"11":{"start":{"line":20,"column":14},"end":{"line":20,"column":null}},"12":{"start":{"line":22,"column":8},"end":{"line":24,"column":null}},"13":{"start":{"line":23,"column":12},"end":{"line":23,"column":76}},"14":{"start":{"line":25,"column":14},"end":{"line":25,"column":55}},"15":{"start":{"line":27,"column":14},"end":{"line":27,"column":59}},"16":{"start":{"line":28,"column":23},"end":{"line":28,"column":null}},"17":{"start":{"line":28,"column":14},"end":{"line":28,"column":null}},"18":{"start":{"line":30,"column":8},"end":{"line":30,"column":52}},"19":{"start":{"line":10,"column":21},"end":{"line":32,"column":null}},"20":{"start":{"line":32,"column":0},"end":{"line":32,"column":null}},"21":{"start":{"line":10,"column":21},"end":{"line":10,"column":50}}},"fnMap":{"0":{"name":"(anonymous_23)","decl":{"start":{"line":10,"column":0},"end":{"line":10,"column":21}},"loc":{"start":{"line":10,"column":0},"end":{"line":10,"column":21}}},"1":{"name":"UpdateFazendaUsecase","decl":{"start":{"line":12,"column":4},"end":{"line":12,"column":null}},"loc":{"start":{"line":13,"column":84},"end":{"line":16,"column":5}}},"2":{"name":"(anonymous_25)","decl":{"start":{"line":18,"column":4},"end":{"line":18,"column":10}},"loc":{"start":{"line":18,"column":38},"end":{"line":31,"column":null}}}},"branchMap":{"0":{"loc":{"start":{"line":15,"column":8},"end":{"line":15,"column":null}},"type":"binary-expr","locations":[{"start":{"line":15,"column":8},"end":{"line":15,"column":15}},{"start":{"line":15,"column":15},"end":{"line":15,"column":null}}]},"1":{"loc":{"start":{"line":20,"column":23},"end":{"line":20,"column":null}},"type":"switch","locations":[{"start":{"line":20,"column":23},"end":{"line":20,"column":null}}]},"2":{"loc":{"start":{"line":22,"column":8},"end":{"line":24,"column":null}},"type":"if","locations":[{"start":{"line":22,"column":8},"end":{"line":24,"column":null}}]}},"s":{"0":3,"1":3,"2":3,"3":3,"4":3,"5":3,"6":3,"7":4,"8":4,"9":3,"10":2,"11":2,"12":2,"13":1,"14":1,"15":1,"16":1,"17":1,"18":1,"19":3,"20":3,"21":3},"f":{"0":3,"1":4,"2":2},"b":{"0":[4,4],"1":[2],"2":[1]}}
,"/home/matheus/boiler/src/domain/concessionaria/concessionaria.entity.ts": {"path":"/home/matheus/boiler/src/domain/concessionaria/concessionaria.entity.ts","statementMap":{"0":{"start":{"line":1,"column":0},"end":{"line":1,"column":61}},"1":{"start":{"line":2,"column":0},"end":{"line":2,"column":72}},"2":{"start":{"line":4,"column":0},"end":{"line":4,"column":null}},"3":{"start":{"line":4,"column":50},"end":{"line":4,"column":60}},"4":{"start":{"line":10,"column":8},"end":{"line":12,"column":null}},"5":{"start":{"line":13,"column":8},"end":{"line":13,"column":25}},"6":{"start":{"line":14,"column":8},"end":{"line":14,"column":29}},"7":{"start":{"line":16,"column":8},"end":{"line":16,"column":23}},"8":{"start":{"line":19,"column":4},"end":{"line":21,"column":null}},"9":{"start":{"line":20,"column":8},"end":{"line":20,"column":25}},"10":{"start":{"line":23,"column":4},"end":{"line":25,"column":null}},"11":{"start":{"line":24,"column":8},"end":{"line":24,"column":27}},"12":{"start":{"line":27,"column":4},"end":{"line":41,"column":null}},"13":{"start":{"line":28,"column":43},"end":{"line":28,"column":68}},"14":{"start":{"line":30,"column":8},"end":{"line":32,"column":null}},"15":{"start":{"line":31,"column":12},"end":{"line":31,"column":52}},"16":{"start":{"line":34,"column":8},"end":{"line":36,"column":null}},"17":{"start":{"line":35,"column":12},"end":{"line":35,"column":56}},"18":{"start":{"line":38,"column":8},"end":{"line":40,"column":null}},"19":{"start":{"line":39,"column":12},"end":{"line":39,"column":97}},"20":{"start":{"line":42,"column":0},"end":{"line":42,"column":null}}},"fnMap":{"0":{"name":"(anonymous_6)","decl":{"start":{"line":4,"column":0},"end":{"line":4,"column":50}},"loc":{"start":{"line":4,"column":0},"end":{"line":42,"column":null}}},"1":{"name":"ConcessionariaEntity","decl":{"start":{"line":9,"column":4},"end":{"line":9,"column":16}},"loc":{"start":{"line":9,"column":56},"end":{"line":17,"column":5}}},"2":{"name":"(anonymous_8)","decl":{"start":{"line":19,"column":4},"end":{"line":19,"column":8}},"loc":{"start":{"line":19,"column":4},"end":{"line":21,"column":5}}},"3":{"name":"(anonymous_9)","decl":{"start":{"line":23,"column":4},"end":{"line":23,"column":8}},"loc":{"start":{"line":23,"column":4},"end":{"line":25,"column":5}}},"4":{"name":"(anonymous_10)","decl":{"start":{"line":27,"column":4},"end":{"line":27,"column":11}},"loc":{"start":{"line":27,"column":4},"end":{"line":41,"column":5}}}},"branchMap":{"0":{"loc":{"start":{"line":10,"column":8},"end":{"line":12,"column":null}},"type":"binary-expr","locations":[{"start":{"line":10,"column":8},"end":{"line":11,"column":null}},{"start":{"line":12,"column":9},"end":{"line":12,"column":null}}]},"1":{"loc":{"start":{"line":30,"column":8},"end":{"line":32,"column":null}},"type":"if","locations":[{"start":{"line":30,"column":8},"end":{"line":32,"column":null}}]},"2":{"loc":{"start":{"line":34,"column":8},"end":{"line":36,"column":null}},"type":"if","locations":[{"start":{"line":34,"column":8},"end":{"line":36,"column":null}}]},"3":{"loc":{"start":{"line":38,"column":8},"end":{"line":40,"column":null}},"type":"if","locations":[{"start":{"line":38,"column":8},"end":{"line":40,"column":null}}]}},"s":{"0":14,"1":14,"2":14,"3":14,"4":103,"5":103,"6":103,"7":103,"8":14,"9":23,"10":14,"11":23,"12":14,"13":103,"14":103,"15":3,"16":103,"17":3,"18":103,"19":6,"20":14},"f":{"0":14,"1":103,"2":23,"3":23,"4":103},"b":{"0":[103,103],"1":[3],"2":[3],"3":[6]}}
,"/home/matheus/boiler/src/domain/concessionaria/concessionaria.factory.ts": {"path":"/home/matheus/boiler/src/domain/concessionaria/concessionaria.factory.ts","statementMap":{"0":{"start":{"line":1,"column":0},"end":{"line":1,"column":32}},"1":{"start":{"line":2,"column":0},"end":{"line":2,"column":59}},"2":{"start":{"line":3,"column":0},"end":{"line":3,"column":81}},"3":{"start":{"line":14,"column":0},"end":{"line":14,"column":null}},"4":{"start":{"line":15,"column":11},"end":{"line":17,"column":null}},"5":{"start":{"line":16,"column":8},"end":{"line":16,"column":null}},"6":{"start":{"line":19,"column":11},"end":{"line":21,"column":null}},"7":{"start":{"line":20,"column":8},"end":{"line":20,"column":null}},"8":{"start":{"line":24,"column":11},"end":{"line":32,"column":null}},"9":{"start":{"line":25,"column":22},"end":{"line":25,"column":47}},"10":{"start":{"line":26,"column":8},"end":{"line":26,"column":null}},"11":{"start":{"line":27,"column":8},"end":{"line":27,"column":null}},"12":{"start":{"line":28,"column":8},"end":{"line":28,"column":null}},"13":{"start":{"line":30,"column":8},"end":{"line":30,"column":null}},"14":{"start":{"line":34,"column":11},"end":{"line":36,"column":null}},"15":{"start":{"line":35,"column":8},"end":{"line":35,"column":null}},"16":{"start":{"line":37,"column":0},"end":{"line":37,"column":null}}},"fnMap":{"0":{"name":"(anonymous_0)","decl":{"start":{"line":14,"column":0},"end":{"line":14,"column":null}},"loc":{"start":{"line":14,"column":0},"end":{"line":37,"column":null}}},"1":{"name":"(anonymous_2)","decl":{"start":{"line":15,"column":4},"end":{"line":15,"column":11}},"loc":{"start":{"line":15,"column":42},"end":{"line":17,"column":5}}},"2":{"name":"(anonymous_3)","decl":{"start":{"line":19,"column":4},"end":{"line":19,"column":11}},"loc":{"start":{"line":19,"column":53},"end":{"line":21,"column":5}}},"3":{"name":"(anonymous_4)","decl":{"start":{"line":24,"column":4},"end":{"line":24,"column":11}},"loc":{"start":{"line":24,"column":53},"end":{"line":32,"column":5}}},"4":{"name":"(anonymous_5)","decl":{"start":{"line":34,"column":4},"end":{"line":34,"column":11}},"loc":{"start":{"line":34,"column":60},"end":{"line":36,"column":5}}}},"branchMap":{},"s":{"0":13,"1":13,"2":13,"3":13,"4":13,"5":2,"6":13,"7":79,"8":13,"9":21,"10":21,"11":21,"12":21,"13":21,"14":13,"15":11,"16":13},"f":{"0":13,"1":2,"2":79,"3":21,"4":11},"b":{}}
,"/home/matheus/boiler/src/domain/fazenda/fazenda.entity.ts": {"path":"/home/matheus/boiler/src/domain/fazenda/fazenda.entity.ts","statementMap":{"0":{"start":{"line":1,"column":0},"end":{"line":1,"column":61}},"1":{"start":{"line":3,"column":0},"end":{"line":3,"column":72}},"2":{"start":{"line":5,"column":0},"end":{"line":5,"column":null}},"3":{"start":{"line":5,"column":43},"end":{"line":5,"column":53}},"4":{"start":{"line":20,"column":8},"end":{"line":22,"column":null}},"5":{"start":{"line":23,"column":8},"end":{"line":23,"column":25}},"6":{"start":{"line":24,"column":8},"end":{"line":24,"column":47}},"7":{"start":{"line":25,"column":8},"end":{"line":25,"column":49}},"8":{"start":{"line":26,"column":8},"end":{"line":26,"column":43}},"9":{"start":{"line":27,"column":8},"end":{"line":27,"column":39}},"10":{"start":{"line":28,"column":8},"end":{"line":28,"column":51}},"11":{"start":{"line":29,"column":8},"end":{"line":29,"column":39}},"12":{"start":{"line":30,"column":8},"end":{"line":30,"column":45}},"13":{"start":{"line":31,"column":8},"end":{"line":31,"column":45}},"14":{"start":{"line":32,"column":8},"end":{"line":32,"column":49}},"15":{"start":{"line":33,"column":8},"end":{"line":33,"column":41}},"16":{"start":{"line":35,"column":8},"end":{"line":35,"column":23}},"17":{"start":{"line":38,"column":4},"end":{"line":40,"column":null}},"18":{"start":{"line":39,"column":8},"end":{"line":39,"column":25}},"19":{"start":{"line":42,"column":4},"end":{"line":44,"column":null}},"20":{"start":{"line":43,"column":8},"end":{"line":43,"column":36}},"21":{"start":{"line":46,"column":4},"end":{"line":48,"column":null}},"22":{"start":{"line":47,"column":8},"end":{"line":47,"column":37}},"23":{"start":{"line":50,"column":4},"end":{"line":52,"column":null}},"24":{"start":{"line":51,"column":8},"end":{"line":51,"column":34}},"25":{"start":{"line":54,"column":4},"end":{"line":56,"column":null}},"26":{"start":{"line":55,"column":8},"end":{"line":55,"column":32}},"27":{"start":{"line":58,"column":4},"end":{"line":60,"column":null}},"28":{"start":{"line":59,"column":8},"end":{"line":59,"column":38}},"29":{"start":{"line":62,"column":4},"end":{"line":64,"column":null}},"30":{"start":{"line":63,"column":8},"end":{"line":63,"column":32}},"31":{"start":{"line":66,"column":4},"end":{"line":68,"column":null}},"32":{"start":{"line":67,"column":8},"end":{"line":67,"column":35}},"33":{"start":{"line":70,"column":4},"end":{"line":72,"column":null}},"34":{"start":{"line":71,"column":8},"end":{"line":71,"column":35}},"35":{"start":{"line":74,"column":4},"end":{"line":76,"column":null}},"36":{"start":{"line":75,"column":8},"end":{"line":75,"column":37}},"37":{"start":{"line":78,"column":4},"end":{"line":80,"column":null}},"38":{"start":{"line":79,"column":8},"end":{"line":79,"column":33}},"39":{"start":{"line":82,"column":4},"end":{"line":132,"column":null}},"40":{"start":{"line":83,"column":43},"end":{"line":83,"column":68}},"41":{"start":{"line":85,"column":8},"end":{"line":87,"column":null}},"42":{"start":{"line":86,"column":12},"end":{"line":86,"column":52}},"43":{"start":{"line":89,"column":8},"end":{"line":91,"column":null}},"44":{"start":{"line":90,"column":12},"end":{"line":90,"column":75}},"45":{"start":{"line":93,"column":8},"end":{"line":95,"column":null}},"46":{"start":{"line":94,"column":12},"end":{"line":94,"column":80}},"47":{"start":{"line":97,"column":8},"end":{"line":99,"column":null}},"48":{"start":{"line":98,"column":12},"end":{"line":98,"column":74}},"49":{"start":{"line":101,"column":8},"end":{"line":103,"column":null}},"50":{"start":{"line":102,"column":12},"end":{"line":102,"column":70}},"51":{"start":{"line":105,"column":8},"end":{"line":107,"column":null}},"52":{"start":{"line":106,"column":12},"end":{"line":106,"column":79}},"53":{"start":{"line":109,"column":8},"end":{"line":111,"column":null}},"54":{"start":{"line":110,"column":12},"end":{"line":110,"column":70}},"55":{"start":{"line":113,"column":8},"end":{"line":115,"column":null}},"56":{"start":{"line":114,"column":12},"end":{"line":114,"column":72}},"57":{"start":{"line":117,"column":8},"end":{"line":119,"column":null}},"58":{"start":{"line":118,"column":12},"end":{"line":118,"column":80}},"59":{"start":{"line":121,"column":8},"end":{"line":123,"column":null}},"60":{"start":{"line":122,"column":12},"end":{"line":122,"column":84}},"61":{"start":{"line":125,"column":8},"end":{"line":127,"column":null}},"62":{"start":{"line":126,"column":12},"end":{"line":126,"column":72}},"63":{"start":{"line":129,"column":8},"end":{"line":131,"column":null}},"64":{"start":{"line":130,"column":12},"end":{"line":130,"column":96}},"65":{"start":{"line":134,"column":0},"end":{"line":134,"column":null}}},"fnMap":{"0":{"name":"(anonymous_6)","decl":{"start":{"line":5,"column":0},"end":{"line":5,"column":43}},"loc":{"start":{"line":5,"column":0},"end":{"line":134,"column":null}}},"1":{"name":"FazendaEntity","decl":{"start":{"line":19,"column":4},"end":{"line":19,"column":16}},"loc":{"start":{"line":19,"column":291},"end":{"line":36,"column":5}}},"2":{"name":"(anonymous_8)","decl":{"start":{"line":38,"column":4},"end":{"line":38,"column":8}},"loc":{"start":{"line":38,"column":4},"end":{"line":40,"column":5}}},"3":{"name":"(anonymous_9)","decl":{"start":{"line":42,"column":4},"end":{"line":42,"column":8}},"loc":{"start":{"line":42,"column":4},"end":{"line":44,"column":5}}},"4":{"name":"(anonymous_10)","decl":{"start":{"line":46,"column":4},"end":{"line":46,"column":8}},"loc":{"start":{"line":46,"column":4},"end":{"line":48,"column":5}}},"5":{"name":"(anonymous_11)","decl":{"start":{"line":50,"column":4},"end":{"line":50,"column":8}},"loc":{"start":{"line":50,"column":4},"end":{"line":52,"column":5}}},"6":{"name":"(anonymous_12)","decl":{"start":{"line":54,"column":4},"end":{"line":54,"column":8}},"loc":{"start":{"line":54,"column":4},"end":{"line":56,"column":5}}},"7":{"name":"(anonymous_13)","decl":{"start":{"line":58,"column":4},"end":{"line":58,"column":8}},"loc":{"start":{"line":58,"column":4},"end":{"line":60,"column":5}}},"8":{"name":"(anonymous_14)","decl":{"start":{"line":62,"column":4},"end":{"line":62,"column":8}},"loc":{"start":{"line":62,"column":4},"end":{"line":64,"column":5}}},"9":{"name":"(anonymous_15)","decl":{"start":{"line":66,"column":4},"end":{"line":66,"column":8}},"loc":{"start":{"line":66,"column":4},"end":{"line":68,"column":5}}},"10":{"name":"(anonymous_16)","decl":{"start":{"line":70,"column":4},"end":{"line":70,"column":8}},"loc":{"start":{"line":70,"column":4},"end":{"line":72,"column":5}}},"11":{"name":"(anonymous_17)","decl":{"start":{"line":74,"column":4},"end":{"line":74,"column":8}},"loc":{"start":{"line":74,"column":4},"end":{"line":76,"column":5}}},"12":{"name":"(anonymous_18)","decl":{"start":{"line":78,"column":4},"end":{"line":78,"column":8}},"loc":{"start":{"line":78,"column":4},"end":{"line":80,"column":5}}},"13":{"name":"(anonymous_19)","decl":{"start":{"line":82,"column":4},"end":{"line":82,"column":11}},"loc":{"start":{"line":82,"column":4},"end":{"line":132,"column":5}}}},"branchMap":{"0":{"loc":{"start":{"line":20,"column":8},"end":{"line":22,"column":null}},"type":"binary-expr","locations":[{"start":{"line":20,"column":8},"end":{"line":21,"column":null}},{"start":{"line":22,"column":9},"end":{"line":22,"column":null}}]},"1":{"loc":{"start":{"line":85,"column":8},"end":{"line":87,"column":null}},"type":"if","locations":[{"start":{"line":85,"column":8},"end":{"line":87,"column":null}}]},"2":{"loc":{"start":{"line":89,"column":8},"end":{"line":91,"column":null}},"type":"if","locations":[{"start":{"line":89,"column":8},"end":{"line":91,"column":null}}]},"3":{"loc":{"start":{"line":93,"column":8},"end":{"line":95,"column":null}},"type":"if","locations":[{"start":{"line":93,"column":8},"end":{"line":95,"column":null}}]},"4":{"loc":{"start":{"line":97,"column":8},"end":{"line":99,"column":null}},"type":"if","locations":[{"start":{"line":97,"column":8},"end":{"line":99,"column":null}}]},"5":{"loc":{"start":{"line":101,"column":8},"end":{"line":103,"column":null}},"type":"if","locations":[{"start":{"line":101,"column":8},"end":{"line":103,"column":null}}]},"6":{"loc":{"start":{"line":105,"column":8},"end":{"line":107,"column":null}},"type":"if","locations":[{"start":{"line":105,"column":8},"end":{"line":107,"column":null}}]},"7":{"loc":{"start":{"line":109,"column":8},"end":{"line":111,"column":null}},"type":"if","locations":[{"start":{"line":109,"column":8},"end":{"line":111,"column":null}}]},"8":{"loc":{"start":{"line":113,"column":8},"end":{"line":115,"column":null}},"type":"if","locations":[{"start":{"line":113,"column":8},"end":{"line":115,"column":null}}]},"9":{"loc":{"start":{"line":113,"column":12},"end":{"line":113,"column":62}},"type":"binary-expr","locations":[{"start":{"line":113,"column":12},"end":{"line":113,"column":32}},{"start":{"line":113,"column":36},"end":{"line":113,"column":62}}]},"10":{"loc":{"start":{"line":117,"column":8},"end":{"line":119,"column":null}},"type":"if","locations":[{"start":{"line":117,"column":8},"end":{"line":119,"column":null}}]},"11":{"loc":{"start":{"line":121,"column":8},"end":{"line":123,"column":null}},"type":"if","locations":[{"start":{"line":121,"column":8},"end":{"line":123,"column":null}}]},"12":{"loc":{"start":{"line":125,"column":8},"end":{"line":127,"column":null}},"type":"if","locations":[{"start":{"line":125,"column":8},"end":{"line":127,"column":null}}]},"13":{"loc":{"start":{"line":129,"column":8},"end":{"line":131,"column":null}},"type":"if","locations":[{"start":{"line":129,"column":8},"end":{"line":131,"column":null}}]}},"s":{"0":7,"1":7,"2":7,"3":7,"4":63,"5":63,"6":63,"7":63,"8":63,"9":63,"10":63,"11":63,"12":63,"13":63,"14":63,"15":63,"16":63,"17":7,"18":16,"19":7,"20":16,"21":7,"22":16,"23":7,"24":16,"25":7,"26":16,"27":7,"28":16,"29":7,"30":16,"31":7,"32":16,"33":7,"34":16,"35":7,"36":16,"37":7,"38":16,"39":7,"40":63,"41":63,"42":1,"43":63,"44":1,"45":63,"46":1,"47":63,"48":1,"49":63,"50":1,"51":63,"52":1,"53":63,"54":1,"55":63,"56":0,"57":63,"58":1,"59":63,"60":1,"61":63,"62":0,"63":63,"64":9,"65":7},"f":{"0":7,"1":63,"2":16,"3":16,"4":16,"5":16,"6":16,"7":16,"8":16,"9":16,"10":16,"11":16,"12":16,"13":63},"b":{"0":[63,63],"1":[1],"2":[1],"3":[1],"4":[1],"5":[1],"6":[1],"7":[1],"8":[0],"9":[63,63],"10":[1],"11":[1],"12":[0],"13":[9]}}
,"/home/matheus/boiler/src/domain/fazenda/fazenda.factory.ts": {"path":"/home/matheus/boiler/src/domain/fazenda/fazenda.factory.ts","statementMap":{"0":{"start":{"line":1,"column":0},"end":{"line":1,"column":32}},"1":{"start":{"line":2,"column":0},"end":{"line":2,"column":106}},"2":{"start":{"line":3,"column":0},"end":{"line":3,"column":45}},"3":{"start":{"line":4,"column":0},"end":{"line":4,"column":67}},"4":{"start":{"line":24,"column":0},"end":{"line":24,"column":null}},"5":{"start":{"line":26,"column":11},"end":{"line":41,"column":null}},"6":{"start":{"line":27,"column":8},"end":{"line":40,"column":null}},"7":{"start":{"line":43,"column":11},"end":{"line":58,"column":null}},"8":{"start":{"line":44,"column":8},"end":{"line":57,"column":null}},"9":{"start":{"line":60,"column":11},"end":{"line":77,"column":null}},"10":{"start":{"line":61,"column":31},"end":{"line":61,"column":92}},"11":{"start":{"line":63,"column":29},"end":{"line":63,"column":47}},"12":{"start":{"line":64,"column":8},"end":{"line":64,"column":null}},"13":{"start":{"line":65,"column":8},"end":{"line":65,"column":null}},"14":{"start":{"line":66,"column":8},"end":{"line":66,"column":null}},"15":{"start":{"line":67,"column":8},"end":{"line":67,"column":null}},"16":{"start":{"line":68,"column":8},"end":{"line":68,"column":null}},"17":{"start":{"line":69,"column":8},"end":{"line":69,"column":null}},"18":{"start":{"line":70,"column":8},"end":{"line":70,"column":null}},"19":{"start":{"line":71,"column":8},"end":{"line":71,"column":null}},"20":{"start":{"line":72,"column":8},"end":{"line":72,"column":null}},"21":{"start":{"line":73,"column":8},"end":{"line":73,"column":null}},"22":{"start":{"line":74,"column":8},"end":{"line":74,"column":null}},"23":{"start":{"line":75,"column":8},"end":{"line":75,"column":null}},"24":{"start":{"line":76,"column":8},"end":{"line":76,"column":null}},"25":{"start":{"line":79,"column":11},"end":{"line":94,"column":null}},"26":{"start":{"line":80,"column":8},"end":{"line":93,"column":null}},"27":{"start":{"line":95,"column":0},"end":{"line":95,"column":null}}},"fnMap":{"0":{"name":"(anonymous_0)","decl":{"start":{"line":24,"column":0},"end":{"line":24,"column":null}},"loc":{"start":{"line":24,"column":0},"end":{"line":95,"column":null}}},"1":{"name":"(anonymous_2)","decl":{"start":{"line":26,"column":4},"end":{"line":26,"column":11}},"loc":{"start":{"line":26,"column":35},"end":{"line":41,"column":5}}},"2":{"name":"(anonymous_3)","decl":{"start":{"line":43,"column":4},"end":{"line":43,"column":11}},"loc":{"start":{"line":43,"column":42},"end":{"line":58,"column":5}}},"3":{"name":"(anonymous_4)","decl":{"start":{"line":60,"column":4},"end":{"line":60,"column":11}},"loc":{"start":{"line":60,"column":46},"end":{"line":77,"column":5}}},"4":{"name":"(anonymous_5)","decl":{"start":{"line":79,"column":4},"end":{"line":79,"column":11}},"loc":{"start":{"line":79,"column":44},"end":{"line":94,"column":5}}}},"branchMap":{},"s":{"0":7,"1":7,"2":7,"3":7,"4":7,"5":7,"6":5,"7":7,"8":48,"9":7,"10":15,"11":15,"12":15,"13":15,"14":15,"15":15,"16":15,"17":15,"18":15,"19":15,"20":15,"21":15,"22":15,"23":15,"24":15,"25":7,"26":11,"27":7},"f":{"0":7,"1":5,"2":48,"3":15,"4":11},"b":{}}
,"/home/matheus/boiler/src/domain/fazenda-geracao/fazenda.geracao.entity.ts": {"path":"/home/matheus/boiler/src/domain/fazenda-geracao/fazenda.geracao.entity.ts","statementMap":{"0":{"start":{"line":1,"column":0},"end":{"line":1,"column":62}},"1":{"start":{"line":3,"column":0},"end":{"line":3,"column":72}},"2":{"start":{"line":5,"column":0},"end":{"line":5,"column":null}},"3":{"start":{"line":5,"column":50},"end":{"line":5,"column":60}},"4":{"start":{"line":33,"column":8},"end":{"line":33,"column":null}},"5":{"start":{"line":34,"column":8},"end":{"line":34,"column":37}},"6":{"start":{"line":35,"column":8},"end":{"line":35,"column":31}},"7":{"start":{"line":36,"column":8},"end":{"line":36,"column":39}},"8":{"start":{"line":37,"column":8},"end":{"line":37,"column":37}},"9":{"start":{"line":38,"column":8},"end":{"line":38,"column":43}},"10":{"start":{"line":39,"column":8},"end":{"line":39,"column":53}},"11":{"start":{"line":40,"column":8},"end":{"line":40,"column":45}},"12":{"start":{"line":41,"column":8},"end":{"line":41,"column":47}},"13":{"start":{"line":42,"column":8},"end":{"line":42,"column":51}},"14":{"start":{"line":43,"column":8},"end":{"line":43,"column":43}},"15":{"start":{"line":44,"column":8},"end":{"line":44,"column":45}},"16":{"start":{"line":47,"column":4},"end":{"line":49,"column":null}},"17":{"start":{"line":48,"column":8},"end":{"line":48,"column":31}},"18":{"start":{"line":51,"column":4},"end":{"line":53,"column":null}},"19":{"start":{"line":52,"column":8},"end":{"line":52,"column":28}},"20":{"start":{"line":55,"column":4},"end":{"line":57,"column":null}},"21":{"start":{"line":56,"column":8},"end":{"line":56,"column":32}},"22":{"start":{"line":59,"column":4},"end":{"line":61,"column":null}},"23":{"start":{"line":60,"column":8},"end":{"line":60,"column":31}},"24":{"start":{"line":63,"column":4},"end":{"line":65,"column":null}},"25":{"start":{"line":64,"column":8},"end":{"line":64,"column":34}},"26":{"start":{"line":67,"column":4},"end":{"line":69,"column":null}},"27":{"start":{"line":68,"column":8},"end":{"line":68,"column":39}},"28":{"start":{"line":71,"column":4},"end":{"line":73,"column":null}},"29":{"start":{"line":72,"column":8},"end":{"line":72,"column":35}},"30":{"start":{"line":75,"column":4},"end":{"line":77,"column":null}},"31":{"start":{"line":76,"column":8},"end":{"line":76,"column":36}},"32":{"start":{"line":79,"column":4},"end":{"line":81,"column":null}},"33":{"start":{"line":80,"column":8},"end":{"line":80,"column":38}},"34":{"start":{"line":83,"column":4},"end":{"line":85,"column":null}},"35":{"start":{"line":84,"column":8},"end":{"line":84,"column":34}},"36":{"start":{"line":87,"column":4},"end":{"line":89,"column":null}},"37":{"start":{"line":88,"column":8},"end":{"line":88,"column":35}},"38":{"start":{"line":91,"column":4},"end":{"line":141,"column":null}},"39":{"start":{"line":92,"column":43},"end":{"line":92,"column":68}},"40":{"start":{"line":94,"column":8},"end":{"line":96,"column":null}},"41":{"start":{"line":95,"column":12},"end":{"line":95,"column":64}},"42":{"start":{"line":98,"column":8},"end":{"line":100,"column":null}},"43":{"start":{"line":99,"column":12},"end":{"line":99,"column":58}},"44":{"start":{"line":102,"column":8},"end":{"line":104,"column":null}},"45":{"start":{"line":103,"column":12},"end":{"line":103,"column":70}},"46":{"start":{"line":106,"column":8},"end":{"line":108,"column":null}},"47":{"start":{"line":107,"column":12},"end":{"line":107,"column":67}},"48":{"start":{"line":110,"column":8},"end":{"line":112,"column":null}},"49":{"start":{"line":111,"column":12},"end":{"line":111,"column":74}},"50":{"start":{"line":114,"column":8},"end":{"line":116,"column":null}},"51":{"start":{"line":115,"column":12},"end":{"line":115,"column":82}},"52":{"start":{"line":118,"column":8},"end":{"line":120,"column":null}},"53":{"start":{"line":119,"column":12},"end":{"line":119,"column":74}},"54":{"start":{"line":122,"column":8},"end":{"line":124,"column":null}},"55":{"start":{"line":123,"column":12},"end":{"line":123,"column":79}},"56":{"start":{"line":126,"column":8},"end":{"line":128,"column":null}},"57":{"start":{"line":127,"column":12},"end":{"line":127,"column":80}},"58":{"start":{"line":130,"column":8},"end":{"line":132,"column":null}},"59":{"start":{"line":131,"column":12},"end":{"line":131,"column":72}},"60":{"start":{"line":134,"column":8},"end":{"line":136,"column":null}},"61":{"start":{"line":135,"column":12},"end":{"line":135,"column":77}},"62":{"start":{"line":138,"column":8},"end":{"line":140,"column":null}},"63":{"start":{"line":139,"column":12},"end":{"line":139,"column":96}},"64":{"start":{"line":144,"column":0},"end":{"line":144,"column":null}}},"fnMap":{"0":{"name":"(anonymous_6)","decl":{"start":{"line":5,"column":0},"end":{"line":5,"column":50}},"loc":{"start":{"line":5,"column":0},"end":{"line":144,"column":null}}},"1":{"name":"FazendaGeracaoEntity","decl":{"start":{"line":19,"column":4},"end":{"line":19,"column":null}},"loc":{"start":{"line":31,"column":30},"end":{"line":45,"column":5}}},"2":{"name":"(anonymous_8)","decl":{"start":{"line":47,"column":4},"end":{"line":47,"column":8}},"loc":{"start":{"line":47,"column":4},"end":{"line":49,"column":5}}},"3":{"name":"(anonymous_9)","decl":{"start":{"line":51,"column":4},"end":{"line":51,"column":8}},"loc":{"start":{"line":51,"column":4},"end":{"line":53,"column":5}}},"4":{"name":"(anonymous_10)","decl":{"start":{"line":55,"column":4},"end":{"line":55,"column":8}},"loc":{"start":{"line":55,"column":4},"end":{"line":57,"column":5}}},"5":{"name":"(anonymous_11)","decl":{"start":{"line":59,"column":4},"end":{"line":59,"column":8}},"loc":{"start":{"line":59,"column":4},"end":{"line":61,"column":5}}},"6":{"name":"(anonymous_12)","decl":{"start":{"line":63,"column":4},"end":{"line":63,"column":8}},"loc":{"start":{"line":63,"column":4},"end":{"line":65,"column":5}}},"7":{"name":"(anonymous_13)","decl":{"start":{"line":67,"column":4},"end":{"line":67,"column":8}},"loc":{"start":{"line":67,"column":4},"end":{"line":69,"column":5}}},"8":{"name":"(anonymous_14)","decl":{"start":{"line":71,"column":4},"end":{"line":71,"column":8}},"loc":{"start":{"line":71,"column":4},"end":{"line":73,"column":5}}},"9":{"name":"(anonymous_15)","decl":{"start":{"line":75,"column":4},"end":{"line":75,"column":8}},"loc":{"start":{"line":75,"column":4},"end":{"line":77,"column":5}}},"10":{"name":"(anonymous_16)","decl":{"start":{"line":79,"column":4},"end":{"line":79,"column":8}},"loc":{"start":{"line":79,"column":4},"end":{"line":81,"column":5}}},"11":{"name":"(anonymous_17)","decl":{"start":{"line":83,"column":4},"end":{"line":83,"column":8}},"loc":{"start":{"line":83,"column":4},"end":{"line":85,"column":5}}},"12":{"name":"(anonymous_18)","decl":{"start":{"line":87,"column":4},"end":{"line":87,"column":8}},"loc":{"start":{"line":87,"column":4},"end":{"line":89,"column":5}}},"13":{"name":"(anonymous_19)","decl":{"start":{"line":91,"column":4},"end":{"line":91,"column":11}},"loc":{"start":{"line":91,"column":4},"end":{"line":141,"column":5}}}},"branchMap":{"0":{"loc":{"start":{"line":33,"column":8},"end":{"line":33,"column":null}},"type":"binary-expr","locations":[{"start":{"line":33,"column":8},"end":{"line":33,"column":17}},{"start":{"line":33,"column":17},"end":{"line":33,"column":null}}]},"1":{"loc":{"start":{"line":94,"column":8},"end":{"line":96,"column":null}},"type":"if","locations":[{"start":{"line":94,"column":8},"end":{"line":96,"column":null}}]},"2":{"loc":{"start":{"line":98,"column":8},"end":{"line":100,"column":null}},"type":"if","locations":[{"start":{"line":98,"column":8},"end":{"line":100,"column":null}}]},"3":{"loc":{"start":{"line":102,"column":8},"end":{"line":104,"column":null}},"type":"if","locations":[{"start":{"line":102,"column":8},"end":{"line":104,"column":null}}]},"4":{"loc":{"start":{"line":106,"column":8},"end":{"line":108,"column":null}},"type":"if","locations":[{"start":{"line":106,"column":8},"end":{"line":108,"column":null}}]},"5":{"loc":{"start":{"line":110,"column":8},"end":{"line":112,"column":null}},"type":"if","locations":[{"start":{"line":110,"column":8},"end":{"line":112,"column":null}}]},"6":{"loc":{"start":{"line":114,"column":8},"end":{"line":116,"column":null}},"type":"if","locations":[{"start":{"line":114,"column":8},"end":{"line":116,"column":null}}]},"7":{"loc":{"start":{"line":118,"column":8},"end":{"line":120,"column":null}},"type":"if","locations":[{"start":{"line":118,"column":8},"end":{"line":120,"column":null}}]},"8":{"loc":{"start":{"line":122,"column":8},"end":{"line":124,"column":null}},"type":"if","locations":[{"start":{"line":122,"column":8},"end":{"line":124,"column":null}}]},"9":{"loc":{"start":{"line":126,"column":8},"end":{"line":128,"column":null}},"type":"if","locations":[{"start":{"line":126,"column":8},"end":{"line":128,"column":null}}]},"10":{"loc":{"start":{"line":130,"column":8},"end":{"line":132,"column":null}},"type":"if","locations":[{"start":{"line":130,"column":8},"end":{"line":132,"column":null}}]},"11":{"loc":{"start":{"line":134,"column":8},"end":{"line":136,"column":null}},"type":"if","locations":[{"start":{"line":134,"column":8},"end":{"line":136,"column":null}}]},"12":{"loc":{"start":{"line":138,"column":8},"end":{"line":140,"column":null}},"type":"if","locations":[{"start":{"line":138,"column":8},"end":{"line":140,"column":null}}]}},"s":{"0":0,"1":0,"2":0,"3":0,"4":0,"5":0,"6":0,"7":0,"8":0,"9":0,"10":0,"11":0,"12":0,"13":0,"14":0,"15":0,"16":0,"17":0,"18":0,"19":0,"20":0,"21":0,"22":0,"23":0,"24":0,"25":0,"26":0,"27":0,"28":0,"29":0,"30":0,"31":0,"32":0,"33":0,"34":0,"35":0,"36":0,"37":0,"38":0,"39":0,"40":0,"41":0,"42":0,"43":0,"44":0,"45":0,"46":0,"47":0,"48":0,"49":0,"50":0,"51":0,"52":0,"53":0,"54":0,"55":0,"56":0,"57":0,"58":0,"59":0,"60":0,"61":0,"62":0,"63":0,"64":0},"f":{"0":0,"1":0,"2":0,"3":0,"4":0,"5":0,"6":0,"7":0,"8":0,"9":0,"10":0,"11":0,"12":0,"13":0},"b":{"0":[0,0],"1":[0],"2":[0],"3":[0],"4":[0],"5":[0],"6":[0],"7":[0],"8":[0],"9":[0],"10":[0],"11":[0],"12":[0]}}
,"/home/matheus/boiler/src/domain/fazenda-geracao/fazenda.geracao.factory.ts": {"path":"/home/matheus/boiler/src/domain/fazenda-geracao/fazenda.geracao.factory.ts","statementMap":{"0":{"start":{"line":1,"column":0},"end":{"line":1,"column":74}},"1":{"start":{"line":2,"column":0},"end":{"line":2,"column":32}},"2":{"start":{"line":3,"column":0},"end":{"line":3,"column":60}},"3":{"start":{"line":23,"column":0},"end":{"line":23,"column":null}},"4":{"start":{"line":25,"column":11},"end":{"line":40,"column":null}},"5":{"start":{"line":26,"column":8},"end":{"line":39,"column":null}},"6":{"start":{"line":42,"column":11},"end":{"line":57,"column":null}},"7":{"start":{"line":43,"column":8},"end":{"line":56,"column":null}},"8":{"start":{"line":58,"column":0},"end":{"line":58,"column":null}}},"fnMap":{"0":{"name":"(anonymous_0)","decl":{"start":{"line":23,"column":0},"end":{"line":23,"column":null}},"loc":{"start":{"line":23,"column":0},"end":{"line":58,"column":null}}},"1":{"name":"(anonymous_2)","decl":{"start":{"line":25,"column":4},"end":{"line":25,"column":11}},"loc":{"start":{"line":25,"column":42},"end":{"line":40,"column":5}}},"2":{"name":"(anonymous_3)","decl":{"start":{"line":42,"column":4},"end":{"line":42,"column":11}},"loc":{"start":{"line":42,"column":49},"end":{"line":57,"column":5}}}},"branchMap":{},"s":{"0":0,"1":0,"2":0,"3":0,"4":0,"5":0,"6":0,"7":0,"8":0},"f":{"0":0,"1":0,"2":0},"b":{}}
,"/home/matheus/boiler/src/infra/IoC/container.ts": {"path":"/home/matheus/boiler/src/infra/IoC/container.ts","statementMap":{"0":{"start":{"line":1,"column":0},"end":{"line":1,"column":36}},"1":{"start":{"line":2,"column":0},"end":{"line":2,"column":110}},"2":{"start":{"line":3,"column":0},"end":{"line":3,"column":114}},"3":{"start":{"line":4,"column":0},"end":{"line":4,"column":116}},"4":{"start":{"line":5,"column":0},"end":{"line":5,"column":110}},"5":{"start":{"line":6,"column":0},"end":{"line":6,"column":110}},"6":{"start":{"line":7,"column":0},"end":{"line":7,"column":79}},"7":{"start":{"line":8,"column":0},"end":{"line":8,"column":65}},"8":{"start":{"line":10,"column":0},"end":{"line":10,"column":92}},"9":{"start":{"line":11,"column":0},"end":{"line":11,"column":92}},"10":{"start":{"line":12,"column":0},"end":{"line":12,"column":94}},"11":{"start":{"line":13,"column":0},"end":{"line":13,"column":88}},"12":{"start":{"line":14,"column":0},"end":{"line":14,"column":88}},"13":{"start":{"line":15,"column":0},"end":{"line":15,"column":72}},"14":{"start":{"line":16,"column":0},"end":{"line":16,"column":58}},"15":{"start":{"line":18,"column":0},"end":{"line":18,"column":73}},"16":{"start":{"line":19,"column":0},"end":{"line":19,"column":80}},"17":{"start":{"line":21,"column":18},"end":{"line":21,"column":33}},"18":{"start":{"line":22,"column":0},"end":{"line":22,"column":83}},"19":{"start":{"line":23,"column":0},"end":{"line":23,"column":98}},"20":{"start":{"line":24,"column":0},"end":{"line":24,"column":101}},"21":{"start":{"line":25,"column":0},"end":{"line":25,"column":107}},"22":{"start":{"line":26,"column":0},"end":{"line":26,"column":110}},"23":{"start":{"line":27,"column":0},"end":{"line":27,"column":101}},"24":{"start":{"line":28,"column":0},"end":{"line":28,"column":101}},"25":{"start":{"line":30,"column":0},"end":{"line":30,"column":62}},"26":{"start":{"line":31,"column":0},"end":{"line":31,"column":77}},"27":{"start":{"line":32,"column":0},"end":{"line":32,"column":86}},"28":{"start":{"line":33,"column":0},"end":{"line":33,"column":86}},"29":{"start":{"line":34,"column":0},"end":{"line":34,"column":89}},"30":{"start":{"line":35,"column":0},"end":{"line":35,"column":80}},"31":{"start":{"line":36,"column":0},"end":{"line":36,"column":80}},"32":{"start":{"line":38,"column":0},"end":{"line":38,"column":83}},"33":{"start":{"line":39,"column":0},"end":{"line":39,"column":98}},"34":{"start":{"line":42,"column":0},"end":{"line":42,"column":25}}},"fnMap":{},"branchMap":{},"s":{"0":1,"1":1,"2":1,"3":1,"4":1,"5":1,"6":1,"7":1,"8":1,"9":1,"10":1,"11":1,"12":1,"13":1,"14":1,"15":1,"16":1,"17":1,"18":1,"19":1,"20":1,"21":1,"22":1,"23":1,"24":1,"25":1,"26":1,"27":1,"28":1,"29":1,"30":1,"31":1,"32":1,"33":1,"34":1},"f":{},"b":{}}
,"/home/matheus/boiler/src/infra/data/models/concessionaria.model.ts": {"path":"/home/matheus/boiler/src/infra/data/models/concessionaria.model.ts","statementMap":{"0":{"start":{"line":1,"column":0},"end":{"line":1,"column":98}},"1":{"start":{"line":2,"column":0},"end":{"line":2,"column":37}},"2":{"start":{"line":8,"column":0},"end":{"line":8,"column":13}},"3":{"start":{"line":12,"column":4},"end":{"line":12,"column":null}},"4":{"start":{"line":17,"column":4},"end":{"line":17,"column":null}},"5":{"start":{"line":20,"column":4},"end":{"line":20,"column":null}},"6":{"start":{"line":25,"column":4},"end":{"line":25,"column":null}},"7":{"start":{"line":31,"column":4},"end":{"line":31,"column":null}},"8":{"start":{"line":8,"column":13},"end":{"line":34,"column":null}},"9":{"start":{"line":34,"column":0},"end":{"line":34,"column":null}},"10":{"start":{"line":8,"column":13},"end":{"line":8,"column":32}}},"fnMap":{"0":{"name":"(anonymous_2)","decl":{"start":{"line":8,"column":0},"end":{"line":8,"column":13}},"loc":{"start":{"line":8,"column":0},"end":{"line":8,"column":13}}}},"branchMap":{},"s":{"0":13,"1":13,"2":13,"3":13,"4":13,"5":13,"6":13,"7":13,"8":13,"9":13,"10":13},"f":{"0":41},"b":{}}
,"/home/matheus/boiler/src/infra/data/models/fazenda.geracao.model.ts": {"path":"/home/matheus/boiler/src/infra/data/models/fazenda.geracao.model.ts","statementMap":{"0":{"start":{"line":15,"column":0},"end":{"line":15,"column":null}},"1":{"start":{"line":24,"column":0},"end":{"line":24,"column":37}},"2":{"start":{"line":25,"column":0},"end":{"line":25,"column":45}},"3":{"start":{"line":31,"column":0},"end":{"line":31,"column":13}},"4":{"start":{"line":31,"column":13},"end":{"line":31,"column":null}},"5":{"start":{"line":35,"column":4},"end":{"line":35,"column":null}},"6":{"start":{"line":38,"column":4},"end":{"line":38,"column":null}},"7":{"start":{"line":41,"column":4},"end":{"line":41,"column":null}},"8":{"start":{"line":44,"column":4},"end":{"line":44,"column":null}},"9":{"start":{"line":47,"column":4},"end":{"line":47,"column":null}},"10":{"start":{"line":50,"column":4},"end":{"line":50,"column":null}},"11":{"start":{"line":53,"column":4},"end":{"line":53,"column":null}},"12":{"start":{"line":56,"column":4},"end":{"line":56,"column":null}},"13":{"start":{"line":59,"column":4},"end":{"line":59,"column":null}},"14":{"start":{"line":62,"column":4},"end":{"line":62,"column":null}},"15":{"start":{"line":65,"column":4},"end":{"line":65,"column":null}},"16":{"start":{"line":70,"column":4},"end":{"line":70,"column":null}},"17":{"start":{"line":75,"column":4},"end":{"line":75,"column":null}},"18":{"start":{"line":84,"column":4},"end":{"line":84,"column":null}},"19":{"start":{"line":77,"column":21},"end":{"line":77,"column":35}},"20":{"start":{"line":77,"column":46},"end":{"line":77,"column":66}},"21":{"start":{"line":31,"column":13},"end":{"line":86,"column":null}},"22":{"start":{"line":86,"column":0},"end":{"line":86,"column":null}},"23":{"start":{"line":31,"column":13},"end":{"line":31,"column":32}}},"fnMap":{"0":{"name":"(anonymous_2)","decl":{"start":{"line":31,"column":0},"end":{"line":31,"column":13}},"loc":{"start":{"line":31,"column":0},"end":{"line":31,"column":13}}},"1":{"name":"(anonymous_4)","decl":{"start":{"line":77,"column":15},"end":{"line":77,"column":21}},"loc":{"start":{"line":77,"column":15},"end":{"line":77,"column":33}}},"2":{"name":"(anonymous_5)","decl":{"start":{"line":77,"column":35},"end":{"line":77,"column":42}},"loc":{"start":{"line":77,"column":42},"end":{"line":77,"column":65}}}},"branchMap":{},"s":{"0":1,"1":1,"2":1,"3":1,"4":1,"5":1,"6":1,"7":1,"8":1,"9":1,"10":1,"11":1,"12":1,"13":1,"14":1,"15":1,"16":1,"17":1,"18":1,"19":0,"20":0,"21":1,"22":1,"23":1},"f":{"0":1,"1":0,"2":0},"b":{}}
[...]
,"/home/matheus/boiler/src/infra/exceptions/notfound.exception.ts": {"path":"/home/matheus/boiler/src/infra/exceptions/notfound.exception.ts","statementMap":{"0":{"start":{"line":1,"column":0},"end":{"line":1,"column":null}},"1":{"start":{"line":1,"column":47},"end":{"line":1,"column":52}},"2":{"start":{"line":3,"column":8},"end":{"line":3,"column":null}},"3":{"start":{"line":4,"column":8},"end":{"line":4,"column":40}},"4":{"start":{"line":6,"column":0},"end":{"line":6,"column":null}}},"fnMap":{"0":{"name":"(anonymous_6)","decl":{"start":{"line":1,"column":0},"end":{"line":1,"column":47}},"loc":{"start":{"line":1,"column":0},"end":{"line":6,"column":null}}},"1":{"name":"NotFoundException","decl":{"start":{"line":2,"column":4},"end":{"line":2,"column":16}},"loc":{"start":{"line":2,"column":31},"end":{"line":5,"column":5}}}},"branchMap":{"0":{"loc":{"start":{"line":3,"column":8},"end":{"line":3,"column":null}},"type":"binary-expr","locations":[{"start":{"line":3,"column":8},"end":{"line":3,"column":22}},{"start":{"line":3,"column":22},"end":{"line":3,"column":null}}]}},"s":{"0":8,"1":8,"2":5,"3":5,"4":8},"f":{"0":8,"1":5},"b":{"0":[5,0]}}
,"/home/matheus/boiler/src/infra/repository/concessionaria.repository.ts": {"path":"/home/matheus/boiler/src/infra/repository/concessionaria.repository.ts","statementMap":{"0":{"start":{"line":1,"column":0},"end":{"line":1,"column":71}},"1":{"start":{"line":2,"column":0},"end":{"line":2,"column":72}},"2":{"start":{"line":3,"column":0},"end":{"line":3,"column":45}},"3":{"start":{"line":6,"column":0},"end":{"line":6,"column":89}},"4":{"start":{"line":6,"column":54},"end":{"line":6,"column":68}},"5":{"start":{"line":10,"column":8},"end":{"line":10,"column":null}},"6":{"start":{"line":6,"column":21},"end":{"line":12,"column":null}},"7":{"start":{"line":12,"column":0},"end":{"line":12,"column":null}},"8":{"start":{"line":6,"column":21},"end":{"line":6,"column":54}}},"fnMap":{"0":{"name":"(anonymous_10)","decl":{"start":{"line":6,"column":0},"end":{"line":6,"column":21}},"loc":{"start":{"line":6,"column":0},"end":{"line":6,"column":21}}},"1":{"name":"ConcessionariaRepository","decl":{"start":{"line":7,"column":4},"end":{"line":7,"column":null}},"loc":{"start":{"line":8,"column":65},"end":{"line":11,"column":5}}}},"branchMap":{"0":{"loc":{"start":{"line":10,"column":8},"end":{"line":10,"column":null}},"type":"binary-expr","locations":[{"start":{"line":10,"column":8},"end":{"line":10,"column":34}},{"start":{"line":10,"column":34},"end":{"line":10,"column":null}}]}},"s":{"0":1,"1":1,"2":1,"3":1,"4":1,"5":6,"6":1,"7":1,"8":1},"f":{"0":1,"1":6},"b":{"0":[6,6]}}
,"/home/matheus/boiler/src/infra/repository/fazenda.geracao.repository.ts": {"path":"/home/matheus/boiler/src/infra/repository/fazenda.geracao.repository.ts","statementMap":{"0":{"start":{"line":1,"column":0},"end":{"line":1,"column":72}},"1":{"start":{"line":2,"column":0},"end":{"line":2,"column":45}},"2":{"start":{"line":3,"column":0},"end":{"line":3,"column":73}},"3":{"start":{"line":6,"column":0},"end":{"line":6,"column":89}},"4":{"start":{"line":6,"column":54},"end":{"line":6,"column":68}},"5":{"start":{"line":10,"column":8},"end":{"line":10,"column":null}},"6":{"start":{"line":6,"column":21},"end":{"line":12,"column":null}},"7":{"start":{"line":12,"column":0},"end":{"line":12,"column":null}},"8":{"start":{"line":6,"column":21},"end":{"line":6,"column":54}}},"fnMap":{"0":{"name":"(anonymous_10)","decl":{"start":{"line":6,"column":0},"end":{"line":6,"column":21}},"loc":{"start":{"line":6,"column":0},"end":{"line":6,"column":21}}},"1":{"name":"FazendaGeracaoRepository","decl":{"start":{"line":7,"column":4},"end":{"line":7,"column":null}},"loc":{"start":{"line":8,"column":65},"end":{"line":11,"column":5}}}},"branchMap":{"0":{"loc":{"start":{"line":10,"column":8},"end":{"line":10,"column":null}},"type":"binary-expr","locations":[{"start":{"line":10,"column":8},"end":{"line":10,"column":34}},{"start":{"line":10,"column":34},"end":{"line":10,"column":null}}]}},"s":{"0":1,"1":1,"2":1,"3":1,"4":1,"5":0,"6":1,"7":1,"8":1},"f":{"0":1,"1":0},"b":{"0":[0,0]}}
,"/home/matheus/boiler/src/infra/repository/fazenda.repository.ts": {"path":"/home/matheus/boiler/src/infra/repository/fazenda.repository.ts","statementMap":{"0":{"start":{"line":1,"column":0},"end":{"line":1,"column":72}},"1":{"start":{"line":2,"column":0},"end":{"line":2,"column":45}},"2":{"start":{"line":3,"column":0},"end":{"line":3,"column":58}},"3":{"start":{"line":6,"column":0},"end":{"line":6,"column":75}},"4":{"start":{"line":6,"column":47},"end":{"line":6,"column":61}},"5":{"start":{"line":10,"column":8},"end":{"line":10,"column":null}},"6":{"start":{"line":6,"column":21},"end":{"line":12,"column":null}},"7":{"start":{"line":12,"column":0},"end":{"line":12,"column":null}},"8":{"start":{"line":6,"column":21},"end":{"line":6,"column":47}}},"fnMap":{"0":{"name":"(anonymous_10)","decl":{"start":{"line":6,"column":0},"end":{"line":6,"column":21}},"loc":{"start":{"line":6,"column":0},"end":{"line":6,"column":21}}},"1":{"name":"FazendaRepository","decl":{"start":{"line":7,"column":4},"end":{"line":7,"column":null}},"loc":{"start":{"line":8,"column":51},"end":{"line":11,"column":5}}}},"branchMap":{"0":{"loc":{"start":{"line":10,"column":8},"end":{"line":10,"column":null}},"type":"binary-expr","locations":[{"start":{"line":10,"column":8},"end":{"line":10,"column":27}},{"start":{"line":10,"column":27},"end":{"line":10,"column":null}}]}},"s":{"0":1,"1":1,"2":1,"3":1,"4":1,"5":6,"6":1,"7":1,"8":1},"f":{"0":1,"1":6},"b":{"0":[6,6]}}
,"/home/matheus/boiler/src/presenters/controllers/concessionaria.controller.ts": {"path":"/home/matheus/boiler/src/presenters/controllers/concessionaria.controller.ts","statementMap":{"0":{"start":{"line":1,"column":0},"end":{"line":1,"column":45}},"1":{"start":{"line":2,"column":0},"end":{"line":2,"column":110}},"2":{"start":{"line":4,"column":0},"end":{"line":4,"column":114}},"3":{"start":{"line":5,"column":0},"end":{"line":5,"column":116}},"4":{"start":{"line":6,"column":0},"end":{"line":6,"column":110}},"5":{"start":{"line":7,"column":0},"end":{"line":7,"column":110}},"6":{"start":{"line":10,"column":0},"end":{"line":10,"column":21}},"7":{"start":{"line":12,"column":62},"end":{"line":12,"column":89}},"8":{"start":{"line":13,"column":62},"end":{"line":13,"column":89}},"9":{"start":{"line":14,"column":64},"end":{"line":14,"column":93}},"10":{"start":{"line":15,"column":65},"end":{"line":15,"column":95}},"11":{"start":{"line":16,"column":62},"end":{"line":16,"column":89}},"12":{"start":{"line":21,"column":10},"end":{"line":38,"column":null}},"13":{"start":{"line":23,"column":14},"end":{"line":23,"column":110}},"14":{"start":{"line":25,"column":14},"end":{"line":25,"column":48}},"15":{"start":{"line":26,"column":14},"end":{"line":26,"column":49}},"16":{"start":{"line":28,"column":23},"end":{"line":35,"column":null}},"17":{"start":{"line":28,"column":14},"end":{"line":35,"column":null}},"18":{"start":{"line":37,"column":8},"end":{"line":37,"column":37}},"19":{"start":{"line":40,"column":10},"end":{"line":46,"column":null}},"20":{"start":{"line":41,"column":14},"end":{"line":41,"column":31}},"21":{"start":{"line":43,"column":23},"end":{"line":43,"column":null}},"22":{"start":{"line":43,"column":14},"end":{"line":43,"column":null}},"23":{"start":{"line":45,"column":8},"end":{"line":45,"column":37}},"24":{"start":{"line":48,"column":10},"end":{"line":55,"column":null}},"25":{"start":{"line":49,"column":14},"end":{"line":49,"column":31}},"26":{"start":{"line":51,"column":14},"end":{"line":51,"column":54}},"27":{"start":{"line":53,"column":23},"end":{"line":53,"column":null}},"28":{"start":{"line":53,"column":14},"end":{"line":53,"column":null}},"29":{"start":{"line":54,"column":8},"end":{"line":54,"column":37}},"30":{"start":{"line":57,"column":10},"end":{"line":62,"column":null}},"31":{"start":{"line":58,"column":14},"end":{"line":58,"column":43}},"32":{"start":{"line":60,"column":23},"end":{"line":60,"column":null}},"33":{"start":{"line":60,"column":14},"end":{"line":60,"column":null}},"34":{"start":{"line":61,"column":8},"end":{"line":61,"column":37}},"35":{"start":{"line":64,"column":10},"end":{"line":69,"column":null}},"36":{"start":{"line":65,"column":14},"end":{"line":65,"column":43}},"37":{"start":{"line":67,"column":23},"end":{"line":67,"column":null}},"38":{"start":{"line":67,"column":14},"end":{"line":67,"column":null}},"39":{"start":{"line":68,"column":8},"end":{"line":68,"column":37}},"40":{"start":{"line":10,"column":21},"end":{"line":71,"column":null}},"41":{"start":{"line":71,"column":0},"end":{"line":71,"column":null}},"42":{"start":{"line":10,"column":21},"end":{"line":10,"column":null}}},"fnMap":{"0":{"name":"(anonymous_17)","decl":{"start":{"line":10,"column":0},"end":{"line":10,"column":21}},"loc":{"start":{"line":10,"column":0},"end":{"line":10,"column":21}}},"1":{"name":"ConcessionariaController","decl":{"start":{"line":11,"column":4},"end":{"line":11,"column":null}},"loc":{"start":{"line":16,"column":114},"end":{"line":19,"column":5}}},"2":{"name":"(anonymous_19)","decl":{"start":{"line":21,"column":4},"end":{"line":21,"column":10}},"loc":{"start":{"line":21,"column":44},"end":{"line":38,"column":null}}},"3":{"name":"(anonymous_22)","decl":{"start":{"line":40,"column":4},"end":{"line":40,"column":10}},"loc":{"start":{"line":40,"column":44},"end":{"line":46,"column":null}}},"4":{"name":"(anonymous_25)","decl":{"start":{"line":48,"column":4},"end":{"line":48,"column":10}},"loc":{"start":{"line":48,"column":47},"end":{"line":55,"column":null}}},"5":{"name":"(anonymous_28)","decl":{"start":{"line":57,"column":4},"end":{"line":57,"column":10}},"loc":{"start":{"line":57,"column":45},"end":{"line":62,"column":null}}},"6":{"name":"(anonymous_31)","decl":{"start":{"line":64,"column":4},"end":{"line":64,"column":10}},"loc":{"start":{"line":64,"column":49},"end":{"line":69,"column":null}}}},"branchMap":{"0":{"loc":{"start":{"line":23,"column":19},"end":{"line":23,"column":25}},"type":"cond-expr","locations":[{"start":{"line":23,"column":22},"end":{"line":23,"column":23}},{"start":{"line":23,"column":23},"end":{"line":23,"column":25}}]},"1":{"loc":{"start":{"line":23,"column":30},"end":{"line":23,"column":37}},"type":"cond-expr","locations":[{"start":{"line":23,"column":33},"end":{"line":23,"column":35}},{"start":{"line":23,"column":35},"end":{"line":23,"column":37}}]},"2":{"loc":{"start":{"line":23,"column":43},"end":{"line":23,"column":52}},"type":"cond-expr","locations":[{"start":{"line":23,"column":46},"end":{"line":23,"column":50}},{"start":{"line":23,"column":50},"end":{"line":23,"column":52}}]},"3":{"loc":{"start":{"line":23,"column":64},"end":{"line":23,"column":73}},"type":"cond-expr","locations":[{"start":{"line":23,"column":67},"end":{"line":23,"column":71}},{"start":{"line":23,"column":71},"end":{"line":23,"column":73}}]},"4":{"loc":{"start":{"line":23,"column":80},"end":{"line":23,"column":89}},"type":"cond-expr","locations":[{"start":{"line":23,"column":83},"end":{"line":23,"column":87}},{"start":{"line":23,"column":87},"end":{"line":23,"column":89}}]},"5":{"loc":{"start":{"line":23,"column":98},"end":{"line":23,"column":110}},"type":"cond-expr","locations":[{"start":{"line":23,"column":101},"end":{"line":23,"column":106}},{"start":{"line":23,"column":106},"end":{"line":23,"column":110}}]}},"s":{"0":1,"1":1,"2":1,"3":1,"4":1,"5":1,"6":1,"7":5,"8":5,"9":5,"10":5,"11":5,"12":1,"13":1,"14":1,"15":1,"16":1,"17":1,"18":1,"19":1,"20":1,"21":1,"22":1,"23":1,"24":1,"25":1,"26":1,"27":1,"28":1,"29":1,"30":1,"31":1,"32":1,"33":1,"34":1,"35":1,"36":1,"37":1,"38":1,"39":1,"40":1,"41":1,"42":1},"f":{"0":1,"1":5,"2":1,"3":1,"4":1,"5":1,"6":1},"b":{"0":[0,1],"1":[0,1],"2":[0,1],"3":[0,1],"4":[0,1],"5":[0,1]}}
,"/home/matheus/boiler/src/presenters/controllers/fazenda.controller.ts": {"path":"/home/matheus/boiler/src/presenters/controllers/fazenda.controller.ts","statementMap":{"0":{"start":{"line":1,"column":0},"end":{"line":1,"column":45}},"1":{"start":{"line":3,"column":0},"end":{"line":3,"column":92}},"2":{"start":{"line":4,"column":0},"end":{"line":4,"column":92}},"3":{"start":{"line":5,"column":0},"end":{"line":5,"column":94}},"4":{"start":{"line":6,"column":0},"end":{"line":6,"column":88}},"5":{"start":{"line":7,"column":0},"end":{"line":7,"column":88}},"6":{"start":{"line":11,"column":0},"end":{"line":11,"column":21}},"7":{"start":{"line":13,"column":55},"end":{"line":13,"column":75}},"8":{"start":{"line":14,"column":57},"end":{"line":14,"column":79}},"9":{"start":{"line":15,"column":57},"end":{"line":15,"column":79}},"10":{"start":{"line":16,"column":58},"end":{"line":16,"column":81}},"11":{"start":{"line":17,"column":55},"end":{"line":17,"column":75}},"12":{"start":{"line":22,"column":10},"end":{"line":39,"column":null}},"13":{"start":{"line":24,"column":14},"end":{"line":24,"column":106}},"14":{"start":{"line":26,"column":14},"end":{"line":26,"column":48}},"15":{"start":{"line":27,"column":14},"end":{"line":27,"column":49}},"16":{"start":{"line":29,"column":23},"end":{"line":36,"column":null}},"17":{"start":{"line":29,"column":14},"end":{"line":36,"column":null}},"18":{"start":{"line":38,"column":8},"end":{"line":38,"column":37}},"19":{"start":{"line":41,"column":10},"end":{"line":49,"column":null}},"20":{"start":{"line":42,"column":14},"end":{"line":42,"column":46}},"21":{"start":{"line":44,"column":23},"end":{"line":46,"column":null}},"22":{"start":{"line":44,"column":14},"end":{"line":46,"column":null}},"23":{"start":{"line":48,"column":8},"end":{"line":48,"column":37}},"24":{"start":{"line":51,"column":10},"end":{"line":58,"column":null}},"25":{"start":{"line":52,"column":14},"end":{"line":52,"column":48}},"26":{"start":{"line":53,"column":14},"end":{"line":53,"column":54}},"27":{"start":{"line":54,"column":8},"end":{"line":54,"column":21}},"28":{"start":{"line":56,"column":23},"end":{"line":56,"column":null}},"29":{"start":{"line":56,"column":14},"end":{"line":56,"column":null}},"30":{"start":{"line":57,"column":8},"end":{"line":57,"column":37}},"31":{"start":{"line":60,"column":10},"end":{"line":65,"column":null}},"32":{"start":{"line":61,"column":14},"end":{"line":61,"column":54}},"33":{"start":{"line":63,"column":23},"end":{"line":63,"column":null}},"34":{"start":{"line":63,"column":14},"end":{"line":63,"column":null}},"35":{"start":{"line":64,"column":8},"end":{"line":64,"column":37}},"36":{"start":{"line":67,"column":10},"end":{"line":72,"column":null}},"37":{"start":{"line":68,"column":14},"end":{"line":68,"column":54}},"38":{"start":{"line":70,"column":23},"end":{"line":70,"column":null}},"39":{"start":{"line":70,"column":14},"end":{"line":70,"column":null}},"40":{"start":{"line":71,"column":8},"end":{"line":71,"column":37}},"41":{"start":{"line":11,"column":21},"end":{"line":74,"column":null}},"42":{"start":{"line":74,"column":0},"end":{"line":74,"column":null}},"43":{"start":{"line":11,"column":21},"end":{"line":11,"column":null}}},"fnMap":{"0":{"name":"(anonymous_19)","decl":{"start":{"line":11,"column":0},"end":{"line":11,"column":21}},"loc":{"start":{"line":11,"column":0},"end":{"line":11,"column":21}}},"1":{"name":"FazendaController","decl":{"start":{"line":12,"column":4},"end":{"line":12,"column":null}},"loc":{"start":{"line":17,"column":93},"end":{"line":20,"column":5}}},"2":{"name":"(anonymous_21)","decl":{"start":{"line":22,"column":4},"end":{"line":22,"column":10}},"loc":{"start":{"line":22,"column":44},"end":{"line":39,"column":null}}},"3":{"name":"(anonymous_24)","decl":{"start":{"line":41,"column":4},"end":{"line":41,"column":10}},"loc":{"start":{"line":41,"column":44},"end":{"line":49,"column":null}}},"4":{"name":"(anonymous_27)","decl":{"start":{"line":51,"column":4},"end":{"line":51,"column":10}},"loc":{"start":{"line":51,"column":47},"end":{"line":58,"column":null}}},"5":{"name":"(anonymous_30)","decl":{"start":{"line":60,"column":4},"end":{"line":60,"column":10}},"loc":{"start":{"line":60,"column":45},"end":{"line":65,"column":null}}},"6":{"name":"(anonymous_33)","decl":{"start":{"line":67,"column":4},"end":{"line":67,"column":10}},"loc":{"start":{"line":67,"column":49},"end":{"line":72,"column":null}}}},"branchMap":{"0":{"loc":{"start":{"line":24,"column":19},"end":{"line":24,"column":25}},"type":"cond-expr","locations":[{"start":{"line":24,"column":22},"end":{"line":24,"column":23}},{"start":{"line":24,"column":23},"end":{"line":24,"column":25}}]},"1":{"loc":{"start":{"line":24,"column":30},"end":{"line":24,"column":37}},"type":"cond-expr","locations":[{"start":{"line":24,"column":33},"end":{"line":24,"column":35}},{"start":{"line":24,"column":35},"end":{"line":24,"column":37}}]},"2":{"loc":{"start":{"line":24,"column":43},"end":{"line":24,"column":50}},"type":"cond-expr","locations":[{"start":{"line":24,"column":46},"end":{"line":24,"column":48}},{"start":{"line":24,"column":48},"end":{"line":24,"column":50}}]},"3":{"loc":{"start":{"line":24,"column":62},"end":{"line":24,"column":69}},"type":"cond-expr","locations":[{"start":{"line":24,"column":65},"end":{"line":24,"column":67}},{"start":{"line":24,"column":67},"end":{"line":24,"column":69}}]},"4":{"loc":{"start":{"line":24,"column":76},"end":{"line":24,"column":85}},"type":"cond-expr","locations":[{"start":{"line":24,"column":79},"end":{"line":24,"column":83}},{"start":{"line":24,"column":83},"end":{"line":24,"column":85}}]},"5":{"loc":{"start":{"line":24,"column":94},"end":{"line":24,"column":106}},"type":"cond-expr","locations":[{"start":{"line":24,"column":97},"end":{"line":24,"column":102}},{"start":{"line":24,"column":102},"end":{"line":24,"column":106}}]}},"s":{"0":1,"1":1,"2":1,"3":1,"4":1,"5":1,"6":1,"7":5,"8":5,"9":5,"10":5,"11":5,"12":1,"13":1,"14":1,"15":1,"16":1,"17":1,"18":1,"19":1,"20":1,"21":1,"22":1,"23":1,"24":1,"25":1,"26":1,"27":1,"28":1,"29":1,"30":1,"31":1,"32":1,"33":1,"34":1,"35":1,"36":1,"37":1,"38":1,"39":1,"40":1,"41":1,"42":1,"43":1},"f":{"0":1,"1":5,"2":1,"3":1,"4":1,"5":1,"6":1},"b":{"0":[0,1],"1":[0,1],"2":[0,1],"3":[0,1],"4":[0,1],"5":[0,1]}}
,"/home/matheus/boiler/src/presenters/request/validation.schema.ts": {"path":"/home/matheus/boiler/src/presenters/request/validation.schema.ts","statementMap":{"0":{"start":{"line":1,"column":0},"end":{"line":1,"column":36}},"1":{"start":{"line":4,"column":23},"end":{"line":25,"column":1}},"2":{"start":{"line":5,"column":4},"end":{"line":24,"column":6}},"3":{"start":{"line":5,"column":65},"end":{"line":24,"column":6}},"4":{"start":{"line":7,"column":12},"end":{"line":11,"column":15}},"5":{"start":{"line":13,"column":12},"end":{"line":13,"column":19}},"6":{"start":{"line":15,"column":12},"end":{"line":22,"column":null}},"7":{"start":{"line":16,"column":16},"end":{"line":21,"column":20}},"8":{"start":{"line":17,"column":20},"end":{"line":20,"column":22}},"9":{"start":{"line":28,"column":0},"end":{"line":28,"column":30}}},"fnMap":{"0":{"name":"(anonymous_13)","decl":{"start":{"line":4,"column":23},"end":{"line":4,"column":24}},"loc":{"start":{"line":4,"column":44},"end":{"line":25,"column":1}}},"1":{"name":"(anonymous_14)","decl":{"start":{"line":5,"column":11},"end":{"line":5,"column":18}},"loc":{"start":{"line":5,"column":65},"end":{"line":24,"column":6}}},"2":{"name":"(anonymous_15)","decl":{"start":{"line":5,"column":65},"end":{"line":5,"column":null}},"loc":{"start":{"line":5,"column":65},"end":{"line":24,"column":6}}},"3":{"name":"(anonymous_17)","decl":{"start":{"line":16,"column":57},"end":{"line":16,"column":58}},"loc":{"start":{"line":16,"column":63},"end":{"line":21,"column":17}}}},"branchMap":{"0":{"loc":{"start":{"line":15,"column":12},"end":{"line":22,"column":null}},"type":"if","locations":[{"start":{"line":15,"column":12},"end":{"line":22,"column":null}}]}},"s":{"0":1,"1":1,"2":1,"3":1,"4":2,"5":0,"6":1,"7":1,"8":2,"9":1},"f":{"0":1,"1":1,"2":1,"3":2},"b":{"0":[1]}}
}
