TN:
SF:src/@shared/entities/base.entity.ts
FN:1,(anonymous_0)
FN:6,BaseEntity
FN:11,(anonymous_2)
FN:17,(anonymous_3)
FN:19,(anonymous_4)
FN:20,(anonymous_5)
FN:33,(anonymous_6)
FNF:7
FNH:7
FNDA:15,(anonymous_0)
FNDA:168,BaseEntity
FNDA:102,(anonymous_2)
FNDA:2,(anonymous_3)
FNDA:5,(anonymous_4)
FNDA:5,(anonymous_5)
FNDA:5,(anonymous_6)
DA:1,15
DA:7,168
DA:11,15
DA:12,102
DA:17,15
DA:18,2
DA:19,5
DA:22,5
DA:24,5
DA:25,1
DA:27,4
DA:29,5
DA:33,15
DA:34,5
DA:40,15
LF:15
LH:15
BRDA:24,0,0,1
BRDA:24,0,1,4
BRF:2
BRH:2
end_of_record
TN:
SF:src/@shared/exceptions/domain.exception.ts
FN:1,(anonymous_0)
FN:5,DomainException
FN:11,(anonymous_2)
FNF:3
FNH:2
FNDA:14,(anonymous_0)
FNDA:15,DomainException
FNDA:0,(anonymous_2)
DA:1,14
DA:2,15
DA:3,15
DA:6,15
DA:7,15
DA:11,14
DA:12,0
DA:14,14
LF:8
LH:7
BRF:0
BRH:0
end_of_record
TN:
SF:src/@shared/repository/base.repository.ts
FN:25,(anonymous_15)
FN:30,BaseRepository
FN:34,(anonymous_17)
FN:38,(anonymous_20)
FN:42,(anonymous_23)
FN:46,(anonymous_26)
FN:50,(anonymous_29)
FN:61,(anonymous_32)
FN:69,(anonymous_33)
FN:73,(anonymous_36)
FNF:10
FNH:2
FNDA:1,(anonymous_15)
FNDA:12,BaseRepository
FNDA:0,(anonymous_17)
FNDA:0,(anonymous_20)
FNDA:0,(anonymous_23)
FNDA:0,(anonymous_26)
FNDA:0,(anonymous_29)
FNDA:0,(anonymous_32)
FNDA:0,(anonymous_33)
FNDA:0,(anonymous_36)
DA:4,1
DA:5,1
DA:25,1
DA:31,12
DA:34,1
DA:35,0
DA:38,1
DA:39,0
DA:42,1
DA:43,0
DA:46,1
DA:47,0
DA:50,1
DA:51,0
DA:60,0
DA:61,0
DA:69,1
DA:70,0
DA:73,1
DA:74,0
DA:78,1
LF:21
LH:12
BRDA:35,0,0,0
BRDA:35,0,1,0
BRDA:39,1,0,0
BRDA:42,2,0,0
BRDA:43,3,0,0
BRDA:43,3,1,0
BRDA:46,4,0,0
BRDA:47,5,0,0
BRDA:47,5,1,0
BRDA:50,6,0,0
BRDA:51,7,0,0
BRDA:52,8,0,0
BRDA:52,8,1,0
BRDA:52,9,0,0
BRDA:52,9,1,0
BRDA:53,10,0,0
BRDA:53,10,1,0
BRDA:56,11,0,0
BRDA:56,11,1,0
BRDA:56,12,0,0
BRDA:56,12,1,0
BRDA:70,13,0,0
BRDA:70,13,1,0
BRDA:74,14,0,0
BRDA:74,14,1,0
BRF:25
BRH:0
end_of_record
TN:
SF:src/@shared/usecase/usecase.abstract.ts
FN:4,(anonymous_1)
FNF:1
FNH:1
FNDA:44,(anonymous_1)
DA:1,13
DA:4,13
DA:6,13
LF:3
LH:3
BRF:0
BRH:0
end_of_record
TN:
SF:src/application/enum/FazendaEnum.ts
FN:1,(anonymous_0)
FNF:1
FNH:1
FNDA:4,(anonymous_0)
DA:1,4
DA:2,4
LF:2
LH:2
BRDA:1,0,0,4
BRDA:1,0,1,4
BRF:2
BRH:2
end_of_record
TN:
SF:src/application/jobs/job.teste.ts
FN:4,(anonymous_19)
FN:5,TesteJob
FN:12,(anonymous_21)
FN:15,(anonymous_24)
FN:15,(anonymous_25)
FN:20,(anonymous_27)
FNF:6
FNH:0
FNDA:0,(anonymous_19)
FNDA:0,TesteJob
FNDA:0,(anonymous_21)
FNDA:0,(anonymous_24)
FNDA:0,(anonymous_25)
FNDA:0,(anonymous_27)
DA:1,0
DA:2,0
DA:4,0
DA:6,0
DA:7,0
DA:9,0
DA:12,0
DA:13,0
DA:15,0
DA:16,0
DA:20,0
DA:21,0
DA:22,0
DA:25,0
LF:14
LH:0
BRDA:6,0,0,0
BRDA:6,0,1,0
BRDA:16,1,0,0
BRF:3
BRH:0
end_of_record
TN:
SF:src/application/usecase/concessionarias/destroy.concessionaria.usecase.ts
FN:9,(anonymous_23)
FN:11,DestroyConcessionariaUsecase
FN:17,(anonymous_25)
FNF:3
FNH:3
FNDA:3,(anonymous_23)
FNDA:4,DestroyConcessionariaUsecase
FNDA:2,(anonymous_25)
DA:1,3
DA:2,3
DA:5,3
DA:9,3
DA:12,4
DA:14,4
DA:17,3
DA:19,2
DA:21,2
DA:22,1
DA:25,2
DA:27,1
DA:32,3
LF:13
LH:13
BRDA:14,0,0,4
BRDA:14,0,1,4
BRDA:19,1,0,2
BRDA:21,2,0,1
BRF:4
BRH:4
end_of_record
TN:
SF:src/application/usecase/concessionarias/list.concessionaria.usecase.ts
FN:10,(anonymous_23)
FN:11,ListConcessionariaUsecase
FN:17,(anonymous_25)
FN:21,(anonymous_28)
FNF:4
FNH:4
FNDA:3,(anonymous_23)
FNDA:3,ListConcessionariaUsecase
FNDA:1,(anonymous_25)
FNDA:10,(anonymous_28)
DA:1,3
DA:2,3
DA:7,3
DA:10,3
DA:12,3
DA:14,3
DA:17,3
DA:18,1
DA:20,1
DA:22,10
DA:29,3
LF:11
LH:11
BRDA:14,0,0,3
BRDA:14,0,1,3
BRDA:18,1,0,1
BRF:3
BRH:3
end_of_record
TN:
SF:src/application/usecase/concessionarias/save.concessionaria.usecase.ts
FN:9,(anonymous_23)
FN:11,SaveConcessionariaUsecase
FN:18,(anonymous_25)
FNF:3
FNH:3
FNDA:3,(anonymous_23)
FNDA:2,SaveConcessionariaUsecase
FNDA:1,(anonymous_25)
DA:1,3
DA:2,3
DA:4,3
DA:9,3
DA:12,2
DA:14,2
DA:18,3
DA:21,1
DA:26,1
DA:27,1
DA:29,1
DA:37,3
LF:12
LH:12
BRDA:14,0,0,2
BRDA:14,0,1,2
BRF:2
BRH:2
end_of_record
TN:
SF:src/application/usecase/concessionarias/show.concessionaria.usecase.ts
FN:9,(anonymous_23)
FN:10,ShowConcessionariaUsecase
FN:16,(anonymous_25)
FNF:3
FNH:3
FNDA:3,(anonymous_23)
FNDA:3,ShowConcessionariaUsecase
FNDA:2,(anonymous_25)
DA:1,3
DA:2,3
DA:5,3
DA:6,3
DA:9,3
DA:11,3
DA:13,3
DA:16,3
DA:17,2
DA:19,2
DA:20,1
DA:23,1
DA:25,3
LF:13
LH:13
BRDA:13,0,0,3
BRDA:13,0,1,3
BRDA:17,1,0,2
BRDA:19,2,0,1
BRF:4
BRH:4
end_of_record
TN:
SF:src/application/usecase/concessionarias/update.concessionaria.usecase.ts
FN:11,(anonymous_23)
FN:13,UpdateConcessionariaUsecase
FN:19,(anonymous_25)
FNF:3
FNH:3
FNDA:3,(anonymous_23)
FNDA:3,UpdateConcessionariaUsecase
FNDA:2,(anonymous_25)
DA:1,3
DA:2,3
DA:4,3
DA:7,3
DA:11,3
DA:14,3
DA:16,3
DA:19,3
DA:21,2
DA:23,2
DA:24,1
DA:27,1
DA:28,1
DA:29,2
DA:31,1
DA:34,3
LF:16
LH:16
BRDA:16,0,0,3
BRDA:16,0,1,3
BRDA:21,1,0,2
BRDA:23,2,0,1
BRF:4
BRH:4
end_of_record
TN:
SF:src/application/usecase/fazenda/destroy.fazenda.usecase.ts
FN:8,(anonymous_23)
FN:9,DestroyFazendaUsecase
FN:15,(anonymous_25)
FNF:3
FNH:3
FNDA:3,(anonymous_23)
FNDA:2,DestroyFazendaUsecase
FNDA:1,(anonymous_25)
DA:2,3
DA:3,3
DA:8,3
DA:10,2
DA:12,2
DA:15,3
DA:16,2
DA:18,1
DA:20,3
LF:9
LH:9
BRDA:12,0,0,2
BRDA:12,0,1,2
BRDA:16,1,0,1
BRF:3
BRH:3
end_of_record
TN:
SF:src/application/usecase/fazenda/insert.fazenda.usecase.ts
FN:8,(anonymous_23)
FN:10,InsertFazendaUsecase
FN:16,(anonymous_25)
FNF:3
FNH:3
FNDA:3,(anonymous_23)
FNDA:2,InsertFazendaUsecase
FNDA:1,(anonymous_25)
DA:1,3
DA:2,3
DA:3,3
DA:8,3
DA:11,2
DA:13,2
DA:16,3
DA:18,1
DA:19,1
DA:20,1
DA:22,1
DA:24,3
LF:12
LH:12
BRDA:13,0,0,2
BRDA:13,0,1,2
BRF:2
BRH:2
end_of_record
TN:
SF:src/application/usecase/fazenda/list.fazenda.usecase.ts
FN:10,(anonymous_23)
FN:11,ListFazendaUsecase
FN:17,(anonymous_25)
FN:21,(anonymous_28)
FNF:4
FNH:4
FNDA:3,(anonymous_23)
FNDA:4,ListFazendaUsecase
FNDA:2,(anonymous_25)
FNDA:10,(anonymous_28)
DA:4,3
DA:5,3
DA:7,3
DA:10,3
DA:12,4
DA:14,4
DA:17,3
DA:18,2
DA:20,2
DA:21,10
DA:27,3
LF:11
LH:11
BRDA:14,0,0,4
BRDA:14,0,1,4
BRDA:18,1,0,2
BRDA:21,2,0,2
BRDA:21,2,1,0
BRF:5
BRH:4
end_of_record
TN:
SF:src/application/usecase/fazenda/show.fazenda.usecase.ts
FN:10,(anonymous_23)
FN:11,ShowFazendaUsecase
FN:17,(anonymous_25)
FNF:3
FNH:3
FNDA:3,(anonymous_23)
FNDA:4,ShowFazendaUsecase
FNDA:2,(anonymous_25)
DA:1,3
DA:2,3
DA:5,3
DA:6,3
DA:7,3
DA:10,3
DA:12,4
DA:14,4
DA:17,3
DA:18,2
DA:20,2
DA:21,1
DA:24,1
DA:26,1
DA:41,3
LF:15
LH:15
BRDA:14,0,0,4
BRDA:14,0,1,4
BRDA:18,1,0,2
BRDA:20,2,0,1
BRF:4
BRH:4
end_of_record
TN:
SF:src/application/usecase/fazenda/update.fazenda.usecase.ts
FN:10,(anonymous_23)
FN:12,UpdateFazendaUsecase
FN:18,(anonymous_25)
FNF:3
FNH:3
FNDA:3,(anonymous_23)
FNDA:4,UpdateFazendaUsecase
FNDA:2,(anonymous_25)
DA:1,3
DA:2,3
DA:3,3
DA:6,3
DA:7,3
DA:10,3
DA:13,4
DA:15,4
DA:18,3
DA:20,2
DA:22,2
DA:23,1
DA:25,1
DA:27,1
DA:28,1
DA:30,1
DA:32,3
LF:17
LH:17
BRDA:15,0,0,4
BRDA:15,0,1,4
BRDA:20,1,0,2
BRDA:22,2,0,1
BRF:4
BRH:4
end_of_record
TN:
SF:src/domain/concessionaria/concessionaria.entity.ts
FN:4,(anonymous_6)
FN:9,ConcessionariaEntity
FN:19,(anonymous_8)
FN:23,(anonymous_9)
FN:27,(anonymous_10)
FNF:5
FNH:5
FNDA:14,(anonymous_6)
FNDA:103,ConcessionariaEntity
FNDA:23,(anonymous_8)
FNDA:23,(anonymous_9)
FNDA:103,(anonymous_10)
DA:1,14
DA:2,14
DA:4,14
DA:10,103
DA:13,103
DA:14,103
DA:16,103
DA:19,14
DA:20,23
DA:23,14
DA:24,23
DA:27,14
DA:28,103
DA:30,103
DA:31,3
DA:34,103
DA:35,3
DA:38,103
DA:39,6
DA:42,14
LF:20
LH:20
BRDA:10,0,0,103
BRDA:10,0,1,103
BRDA:30,1,0,3
BRDA:34,2,0,3
BRDA:38,3,0,6
BRF:5
BRH:5
end_of_record
TN:
SF:src/domain/concessionaria/concessionaria.factory.ts
FN:14,(anonymous_0)
FN:15,(anonymous_2)
FN:19,(anonymous_3)
FN:24,(anonymous_4)
FN:34,(anonymous_5)
FNF:5
FNH:5
FNDA:13,(anonymous_0)
FNDA:2,(anonymous_2)
FNDA:79,(anonymous_3)
FNDA:21,(anonymous_4)
FNDA:11,(anonymous_5)
DA:1,13
DA:2,13
DA:3,13
DA:14,13
DA:15,13
DA:16,2
DA:19,13
DA:20,79
DA:24,13
DA:25,21
DA:26,21
DA:27,21
DA:28,21
DA:30,21
DA:34,13
DA:35,11
DA:37,13
LF:17
LH:17
BRF:0
BRH:0
end_of_record
TN:
SF:src/domain/fazenda/fazenda.entity.ts
FN:5,(anonymous_6)
FN:19,FazendaEntity
FN:38,(anonymous_8)
FN:42,(anonymous_9)
FN:46,(anonymous_10)
FN:50,(anonymous_11)
FN:54,(anonymous_12)
FN:58,(anonymous_13)
FN:62,(anonymous_14)
FN:66,(anonymous_15)
FN:70,(anonymous_16)
FN:74,(anonymous_17)
FN:78,(anonymous_18)
FN:82,(anonymous_19)
FNF:14
FNH:14
FNDA:7,(anonymous_6)
FNDA:63,FazendaEntity
FNDA:16,(anonymous_8)
FNDA:16,(anonymous_9)
FNDA:16,(anonymous_10)
FNDA:16,(anonymous_11)
FNDA:16,(anonymous_12)
FNDA:16,(anonymous_13)
FNDA:16,(anonymous_14)
FNDA:16,(anonymous_15)
FNDA:16,(anonymous_16)
FNDA:16,(anonymous_17)
FNDA:16,(anonymous_18)
FNDA:63,(anonymous_19)
DA:1,7
DA:3,7
DA:5,7
DA:20,63
DA:23,63
DA:24,63
DA:25,63
DA:26,63
DA:27,63
DA:28,63
DA:29,63
DA:30,63
DA:31,63
DA:32,63
DA:33,63
DA:35,63
DA:38,7
DA:39,16
DA:42,7
DA:43,16
DA:46,7
DA:47,16
DA:50,7
DA:51,16
DA:54,7
DA:55,16
DA:58,7
DA:59,16
DA:62,7
DA:63,16
DA:66,7
DA:67,16
DA:70,7
DA:71,16
DA:74,7
DA:75,16
DA:78,7
DA:79,16
DA:82,7
DA:83,63
DA:85,63
DA:86,1
DA:89,63
DA:90,1
DA:93,63
DA:94,1
DA:97,63
DA:98,1
DA:101,63
DA:102,1
DA:105,63
DA:106,1
DA:109,63
DA:110,1
DA:113,63
DA:114,0
DA:117,63
DA:118,1
DA:121,63
DA:122,1
DA:125,63
DA:126,0
DA:129,63
DA:130,9
DA:134,7
LF:65
LH:63
BRDA:20,0,0,63
BRDA:20,0,1,63
BRDA:85,1,0,1
BRDA:89,2,0,1
BRDA:93,3,0,1
BRDA:97,4,0,1
BRDA:101,5,0,1
BRDA:105,6,0,1
BRDA:109,7,0,1
BRDA:113,8,0,0
BRDA:113,9,0,63
BRDA:113,9,1,63
BRDA:117,10,0,1
BRDA:121,11,0,1
BRDA:125,12,0,0
BRDA:129,13,0,9
BRF:16
BRH:14
end_of_record
TN:
SF:src/domain/fazenda/fazenda.factory.ts
FN:24,(anonymous_0)
FN:26,(anonymous_2)
FN:43,(anonymous_3)
FN:60,(anonymous_4)
FN:79,(anonymous_5)
FNF:5
FNH:5
FNDA:7,(anonymous_0)
FNDA:5,(anonymous_2)
FNDA:48,(anonymous_3)
FNDA:15,(anonymous_4)
FNDA:11,(anonymous_5)
DA:1,7
DA:2,7
DA:3,7
DA:4,7
DA:24,7
DA:26,7
DA:27,5
DA:43,7
DA:44,48
DA:60,7
DA:61,15
DA:63,15
DA:64,15
DA:65,15
DA:66,15
DA:67,15
DA:68,15
DA:69,15
DA:70,15
DA:71,15
DA:72,15
DA:73,15
DA:74,15
DA:75,15
DA:76,15
DA:79,7
DA:80,11
DA:95,7
LF:28
LH:28
BRF:0
BRH:0
end_of_record
TN:
SF:src/domain/fazenda-geracao/fazenda.geracao.entity.ts
FN:5,(anonymous_6)
FN:19,FazendaGeracaoEntity
FN:47,(anonymous_8)
FN:51,(anonymous_9)
FN:55,(anonymous_10)
FN:59,(anonymous_11)
FN:63,(anonymous_12)
FN:67,(anonymous_13)
FN:71,(anonymous_14)
FN:75,(anonymous_15)
FN:79,(anonymous_16)
FN:83,(anonymous_17)
FN:87,(anonymous_18)
FN:91,(anonymous_19)
FNF:14
FNH:0
FNDA:0,(anonymous_6)
FNDA:0,FazendaGeracaoEntity
FNDA:0,(anonymous_8)
FNDA:0,(anonymous_9)
FNDA:0,(anonymous_10)
FNDA:0,(anonymous_11)
FNDA:0,(anonymous_12)
FNDA:0,(anonymous_13)
FNDA:0,(anonymous_14)
FNDA:0,(anonymous_15)
FNDA:0,(anonymous_16)
FNDA:0,(anonymous_17)
FNDA:0,(anonymous_18)
FNDA:0,(anonymous_19)
DA:1,0
DA:3,0
DA:5,0
DA:33,0
DA:34,0
DA:35,0
DA:36,0
DA:37,0
DA:38,0
DA:39,0
DA:40,0
DA:41,0
DA:42,0
DA:43,0
DA:44,0
DA:47,0
DA:48,0
DA:51,0
DA:52,0
DA:55,0
DA:56,0
DA:59,0
DA:60,0
DA:63,0
DA:64,0
DA:67,0
DA:68,0
DA:71,0
DA:72,0
DA:75,0
DA:76,0
DA:79,0
DA:80,0
DA:83,0
DA:84,0
DA:87,0
DA:88,0
DA:91,0
DA:92,0
DA:94,0
DA:95,0
DA:98,0
DA:99,0
DA:102,0
DA:103,0
DA:106,0
DA:107,0
DA:110,0
DA:111,0
DA:114,0
DA:115,0
DA:118,0
DA:119,0
DA:122,0
DA:123,0
DA:126,0
DA:127,0
DA:130,0
DA:131,0
DA:134,0
DA:135,0
DA:138,0
DA:139,0
DA:144,0
LF:64
LH:0
BRDA:33,0,0,0
BRDA:33,0,1,0
BRDA:94,1,0,0
BRDA:98,2,0,0
BRDA:102,3,0,0
BRDA:106,4,0,0
BRDA:110,5,0,0
BRDA:114,6,0,0
BRDA:118,7,0,0
BRDA:122,8,0,0
BRDA:126,9,0,0
BRDA:130,10,0,0
BRDA:134,11,0,0
BRDA:138,12,0,0
BRF:14
BRH:0
end_of_record
TN:
SF:src/domain/fazenda-geracao/fazenda.geracao.factory.ts
FN:23,(anonymous_0)
FN:25,(anonymous_2)
FN:42,(anonymous_3)
FNF:3
FNH:0
FNDA:0,(anonymous_0)
FNDA:0,(anonymous_2)
FNDA:0,(anonymous_3)
DA:1,0
DA:2,0
DA:3,0
DA:23,0
DA:25,0
DA:26,0
DA:42,0
DA:43,0
DA:58,0
LF:9
LH:0
BRF:0
BRH:0
end_of_record
TN:
SF:src/infra/IoC/container.ts
FNF:0
FNH:0
DA:1,1
DA:2,1
DA:3,1
DA:4,1
DA:5,1
DA:6,1
DA:7,1
DA:8,1
DA:10,1
DA:11,1
DA:12,1
DA:13,1
DA:14,1
DA:15,1
DA:16,1
DA:18,1
DA:19,1
DA:21,1
DA:22,1
DA:23,1
DA:24,1
DA:25,1
DA:26,1
DA:27,1
DA:28,1
DA:30,1
DA:31,1
DA:32,1
DA:33,1
DA:34,1
DA:35,1
DA:36,1
DA:38,1
DA:39,1
DA:42,1
LF:35
LH:35
BRF:0
BRH:0
end_of_record
TN:
SF:src/infra/data/models/concessionaria.model.ts
FN:8,(anonymous_2)
FNF:1
FNH:1
FNDA:41,(anonymous_2)
DA:1,13
DA:2,13
DA:8,13
DA:12,13
DA:17,13
DA:20,13
DA:25,13
DA:31,13
DA:34,13
LF:9
LH:9
BRF:0
BRH:0
end_of_record
TN:
SF:src/infra/data/models/fazenda.geracao.model.ts
FN:31,(anonymous_2)
FN:77,(anonymous_4)
FN:77,(anonymous_5)
FNF:3
FNH:1
FNDA:1,(anonymous_2)
FNDA:0,(anonymous_4)
FNDA:0,(anonymous_5)
DA:15,1
DA:24,1
DA:25,1
DA:31,1
DA:35,1
DA:38,1
DA:41,1
DA:44,1
DA:47,1
DA:50,1
DA:53,1
DA:56,1
DA:59,1
DA:62,1
DA:65,1
DA:70,1
DA:75,1
DA:77,0
DA:84,1
DA:86,1
LF:20
LH:19
BRF:0
BRH:0
end_of_record
TN:
SF:src/infra/data/models/fazenda.model.ts
FN:17,(anonymous_2)
FN:64,(anonymous_4)
FN:64,(anonymous_5)
FNF:3
FNH:1
FNDA:29,(anonymous_2)
FNDA:0,(anonymous_4)
FNDA:0,(anonymous_5)
DA:1,7
DA:10,7
DA:11,7
DA:17,7
DA:21,7
DA:24,7
DA:27,7
DA:30,7
DA:33,7
DA:36,7
DA:39,7
DA:42,7
DA:45,7
DA:48,7
DA:51,7
DA:56,7
DA:61,7
DA:64,0
DA:72,7
DA:75,7
LF:20
LH:19
BRF:0
BRH:0
end_of_record
TN:
SF:src/infra/data/models/log.model.ts
FN:8,(anonymous_2)
FN:17,(anonymous_4)
FNF:2
FNH:0
FNDA:0,(anonymous_2)
FNDA:0,(anonymous_4)
DA:1,0
DA:2,0
DA:8,0
DA:12,0
DA:15,0
DA:17,0
DA:18,0
DA:21,0
DA:24,0
DA:27,0
DA:30,0
DA:33,0
DA:36,0
DA:37,0
LF:14
LH:0
BRF:0
BRH:0
end_of_record
TN:
SF:src/infra/data/subscribers/abstract.subscriber.ts
FN:5,(anonymous_13)
FN:10,(anonymous_14)
FN:28,(anonymous_15)
FN:33,(anonymous_17)
FN:46,(anonymous_20)
FN:59,(anonymous_23)
FN:85,(anonymous_26)
FNF:7
FNH:0
FNDA:0,(anonymous_13)
FNDA:0,(anonymous_14)
FNDA:0,(anonymous_15)
FNDA:0,(anonymous_17)
FNDA:0,(anonymous_20)
FNDA:0,(anonymous_23)
FNDA:0,(anonymous_26)
DA:2,0
DA:3,0
DA:5,0
DA:6,0
DA:7,0
DA:10,0
DA:11,0
DA:12,0
DA:13,0
DA:28,0
DA:29,0
DA:33,0
DA:34,0
DA:46,0
DA:47,0
DA:59,0
DA:60,0
DA:61,0
DA:62,0
DA:63,0
DA:64,0
DA:65,0
DA:72,0
DA:85,0
DA:86,0
DA:88,0
LF:26
LH:0
BRDA:5,0,0,0
BRDA:5,0,1,0
BRDA:10,1,0,0
BRDA:10,1,1,0
BRDA:64,2,0,0
BRDA:86,3,0,0
BRF:6
BRH:0
end_of_record
TN:
SF:src/infra/data/subscribers/fazenda.subscribe.ts
FN:7,(anonymous_7)
FN:8,(anonymous_9)
FNF:2
FNH:0
FNDA:0,(anonymous_7)
FNDA:0,(anonymous_9)
DA:1,0
DA:2,0
DA:3,0
DA:7,0
DA:8,0
DA:9,0
DA:12,0
LF:7
LH:0
BRF:0
BRH:0
end_of_record
TN:
SF:src/infra/exceptions/notfound.exception.ts
FN:1,(anonymous_6)
FN:2,NotFoundException
FNF:2
FNH:2
FNDA:8,(anonymous_6)
FNDA:5,NotFoundException
DA:1,8
DA:3,5
DA:4,5
DA:6,8
LF:4
LH:4
BRDA:3,0,0,5
BRDA:3,0,1,0
BRF:2
BRH:1
end_of_record
TN:
SF:src/infra/repository/concessionaria.repository.ts
FN:6,(anonymous_10)
FN:7,ConcessionariaRepository
FNF:2
FNH:2
FNDA:1,(anonymous_10)
FNDA:6,ConcessionariaRepository
DA:1,1
DA:2,1
DA:3,1
DA:6,1
DA:10,6
DA:12,1
LF:6
LH:6
BRDA:10,0,0,6
BRDA:10,0,1,6
BRF:2
BRH:2
end_of_record
TN:
SF:src/infra/repository/fazenda.geracao.repository.ts
FN:6,(anonymous_10)
FN:7,FazendaGeracaoRepository
FNF:2
FNH:1
FNDA:1,(anonymous_10)
FNDA:0,FazendaGeracaoRepository
DA:1,1
DA:2,1
DA:3,1
DA:6,1
DA:10,0
DA:12,1
LF:6
LH:5
BRDA:10,0,0,0
BRDA:10,0,1,0
BRF:2
BRH:0
end_of_record
TN:
SF:src/infra/repository/fazenda.repository.ts
FN:6,(anonymous_10)
FN:7,FazendaRepository
FNF:2
FNH:2
FNDA:1,(anonymous_10)
FNDA:6,FazendaRepository
DA:1,1
DA:2,1
DA:3,1
DA:6,1
DA:10,6
DA:12,1
LF:6
LH:6
BRDA:10,0,0,6
BRDA:10,0,1,6
BRF:2
BRH:2
end_of_record
TN:
SF:src/presenters/controllers/concessionaria.controller.ts
FN:10,(anonymous_17)
FN:11,ConcessionariaController
FN:21,(anonymous_19)
FN:40,(anonymous_22)
FN:48,(anonymous_25)
FN:57,(anonymous_28)
FN:64,(anonymous_31)
FNF:7
FNH:7
FNDA:1,(anonymous_17)
FNDA:5,ConcessionariaController
FNDA:1,(anonymous_19)
FNDA:1,(anonymous_22)
FNDA:1,(anonymous_25)
FNDA:1,(anonymous_28)
FNDA:1,(anonymous_31)
DA:1,1
DA:2,1
DA:4,1
DA:5,1
DA:6,1
DA:7,1
DA:10,1
DA:12,5
DA:13,5
DA:14,5
DA:15,5
DA:16,5
DA:21,1
DA:23,1
DA:25,1
DA:26,1
DA:28,1
DA:37,1
DA:40,1
DA:41,1
DA:43,1
DA:45,1
DA:48,1
DA:49,1
DA:51,1
DA:53,1
DA:54,1
DA:57,1
DA:58,1
DA:60,1
DA:61,1
DA:64,1
DA:65,1
DA:67,1
DA:68,1
DA:71,1
LF:36
LH:36
BRDA:23,0,0,0
BRDA:23,0,1,1
BRDA:23,1,0,0
BRDA:23,1,1,1
BRDA:23,2,0,0
BRDA:23,2,1,1
BRDA:23,3,0,0
BRDA:23,3,1,1
BRDA:23,4,0,0
BRDA:23,4,1,1
BRDA:23,5,0,0
BRDA:23,5,1,1
BRF:12
BRH:6
end_of_record
TN:
SF:src/presenters/controllers/fazenda.controller.ts
FN:11,(anonymous_19)
FN:12,FazendaController
FN:22,(anonymous_21)
FN:41,(anonymous_24)
FN:51,(anonymous_27)
FN:60,(anonymous_30)
FN:67,(anonymous_33)
FNF:7
FNH:7
FNDA:1,(anonymous_19)
FNDA:5,FazendaController
FNDA:1,(anonymous_21)
FNDA:1,(anonymous_24)
FNDA:1,(anonymous_27)
FNDA:1,(anonymous_30)
FNDA:1,(anonymous_33)
DA:1,1
DA:3,1
DA:4,1
DA:5,1
DA:6,1
DA:7,1
DA:11,1
DA:13,5
DA:14,5
DA:15,5
DA:16,5
DA:17,5
DA:22,1
DA:24,1
DA:26,1
DA:27,1
DA:29,1
DA:38,1
DA:41,1
DA:42,1
DA:44,1
DA:48,1
DA:51,1
DA:52,1
DA:53,1
DA:54,1
DA:56,1
DA:57,1
DA:60,1
DA:61,1
DA:63,1
DA:64,1
DA:67,1
DA:68,1
DA:70,1
DA:71,1
DA:74,1
LF:37
LH:37
BRDA:24,0,0,0
BRDA:24,0,1,1
BRDA:24,1,0,0
BRDA:24,1,1,1
BRDA:24,2,0,0
BRDA:24,2,1,1
BRDA:24,3,0,0
BRDA:24,3,1,1
BRDA:24,4,0,0
BRDA:24,4,1,1
BRDA:24,5,0,0
BRDA:24,5,1,1
BRF:12
BRH:6
end_of_record
TN:
SF:src/presenters/request/validation.schema.ts
FN:4,(anonymous_13)
FN:5,(anonymous_14)
FN:5,(anonymous_15)
FN:16,(anonymous_17)
FNF:4
FNH:4
FNDA:1,(anonymous_13)
FNDA:1,(anonymous_14)
FNDA:1,(anonymous_15)
FNDA:2,(anonymous_17)
DA:1,1
DA:4,1
DA:5,1
DA:7,2
DA:13,0
DA:15,1
DA:16,1
DA:17,2
DA:28,1
LF:9
LH:8
BRDA:15,0,0,1
BRF:1
BRH:1
end_of_record
